#-----------------------------------------------------------
# Vivado v2013.4 (64-bit)
# SW Build 353583 on Mon Dec  9 17:49:19 MST 2013
# IP Build 208076 on Mon Dec  2 12:38:17 MST 2013
# Start of session at: Fri Apr 21 15:33:57 2017
# Process ID: 8644
# Log file: C:/Users/Ian/Documents/GitHub/project_tubii_7020/vivado.log
# Journal file: C:/Users/Ian/Documents/GitHub/project_tubii_7020\vivado.jou
#-----------------------------------------------------------
Attempting to get a license: Implementation
Feature available: Implementation
Loading parts and site information from C:/Xilinx/Vivado/2013.4/data/parts/arch.xml
Parsing RTL primitives file [C:/Xilinx/Vivado/2013.4/data/parts/xilinx/rtl/prims/rtl_prims.xml]
Finished parsing RTL primitives file [C:/Xilinx/Vivado/2013.4/data/parts/xilinx/rtl/prims/rtl_prims.xml]
start_gui
open_project {C:\Users\Ian\Documents\GitHub\project_tubii_7020\project_tubii_7020.xpr}
INFO: [Project 1-313] Project file moved from 'C:/Users/Ian/project_tubii_7020' since last save.
WARNING: [Project 1-312] File not found as 'C:/Users/Ian/Documents/GitHub/project_tubii_7020/project_tubii_7020.srcs/sources_1/bd/system/system.bd'; using path 'C:/Users/Ian/project_tubii_7020/project_tubii_7020.srcs/sources_1/bd/system/system.bd' instead.
WARNING: [Project 1-312] File not found as 'C:/Users/Ian/Documents/GitHub/project_tubii_7020/project_tubii_7020.srcs/sources_1/bd/system/hdl/system_wrapper.vhd'; using path 'C:/Users/Ian/project_tubii_7020/project_tubii_7020.srcs/sources_1/bd/system/hdl/system_wrapper.vhd' instead.
WARNING: [Project 1-312] File not found as 'C:/Users/Ian/Documents/GitHub/project_tubii_7020/project_tubii_7020.srcs/sources_1/bd/system/ip/system_testPulser_0_7/system_testPulser_0_7.upgrade_log'; using path 'C:/Users/Ian/project_tubii_7020/project_tubii_7020.srcs/sources_1/bd/system/ip/system_testPulser_0_7/system_testPulser_0_7.upgrade_log' instead.
WARNING: [Project 1-312] File not found as 'C:/Users/Ian/Documents/GitHub/project_tubii_7020/project_tubii_7020.srcs/sources_1/bd/system/ip/system_testPulser_0_9/system_testPulser_0_9.upgrade_log'; using path 'C:/Users/Ian/project_tubii_7020/project_tubii_7020.srcs/sources_1/bd/system/ip/system_testPulser_0_9/system_testPulser_0_9.upgrade_log' instead.
WARNING: [Project 1-312] File not found as 'C:/Users/Ian/Documents/GitHub/project_tubii_7020/project_tubii_7020.srcs/sources_1/bd/system/ip/system_testPulser_1_11/system_testPulser_1_11.upgrade_log'; using path 'C:/Users/Ian/project_tubii_7020/project_tubii_7020.srcs/sources_1/bd/system/ip/system_testPulser_1_11/system_testPulser_1_11.upgrade_log' instead.
WARNING: [Project 1-312] File not found as 'C:/Users/Ian/Documents/GitHub/project_tubii_7020/project_tubii_7020.srcs/sources_1/bd/system/ip/system_testPulser_0_10/system_testPulser_0_10.upgrade_log'; using path 'C:/Users/Ian/project_tubii_7020/project_tubii_7020.srcs/sources_1/bd/system/ip/system_testPulser_0_10/system_testPulser_0_10.upgrade_log' instead.
WARNING: [Project 1-312] File not found as 'C:/Users/Ian/Documents/GitHub/project_tubii_7020/project_tubii_7020.srcs/sources_1/bd/system/ip/system_oneshot_pulse_1_1/system_oneshot_pulse_1_1.upgrade_log'; using path 'C:/Users/Ian/project_tubii_7020/project_tubii_7020.srcs/sources_1/bd/system/ip/system_oneshot_pulse_1_1/system_oneshot_pulse_1_1.upgrade_log' instead.
WARNING: [Project 1-312] File not found as 'C:/Users/Ian/Documents/GitHub/project_tubii_7020/project_tubii_7020.srcs/sources_1/bd/system/ip/system_burstTrigger_0_0/system_burstTrigger_0_0.upgrade_log'; using path 'C:/Users/Ian/project_tubii_7020/project_tubii_7020.srcs/sources_1/bd/system/ip/system_burstTrigger_0_0/system_burstTrigger_0_0.upgrade_log' instead.
CRITICAL WARNING: [Project 1-311] Could not find the file 'C:/Users/Ian/Documents/GitHub/project_tubii_7020/project_tubii_7020.srcs/sources_1/bd/system/ip/system_oneshot_pulse_0_2/system_oneshot_pulse_0_2.upgrade_log', nor could it be found using path 'C:/Users/Ian/project_tubii_7020/project_tubii_7020.srcs/sources_1/bd/system/ip/system_oneshot_pulse_0_2/system_oneshot_pulse_0_2.upgrade_log'.
WARNING: [Project 1-312] File not found as 'C:/Users/Ian/Documents/GitHub/project_tubii_7020/project_tubii_7020.srcs/sources_1/bd/system/ip/system_testDelay_0_0/system_testDelay_0_0.upgrade_log'; using path 'C:/Users/Ian/project_tubii_7020/project_tubii_7020.srcs/sources_1/bd/system/ip/system_testDelay_0_0/system_testDelay_0_0.upgrade_log' instead.
WARNING: [Project 1-312] File not found as 'C:/Users/Ian/Documents/GitHub/project_tubii_7020/project_tubii_7020.srcs/sources_1/bd/system/ip/system_testDelay_0_7/system_testDelay_0_7.upgrade_log'; using path 'C:/Users/Ian/project_tubii_7020/project_tubii_7020.srcs/sources_1/bd/system/ip/system_testDelay_0_7/system_testDelay_0_7.upgrade_log' instead.
WARNING: [Project 1-312] File not found as 'C:/Users/Ian/Documents/GitHub/project_tubii_7020/project_tubii_7020.srcs/sources_1/bd/system/ip/system_testDelay_3_6/system_testDelay_3_6.upgrade_log'; using path 'C:/Users/Ian/project_tubii_7020/project_tubii_7020.srcs/sources_1/bd/system/ip/system_testDelay_3_6/system_testDelay_3_6.upgrade_log' instead.
WARNING: [Project 1-312] File not found as 'C:/Users/Ian/Documents/GitHub/project_tubii_7020/project_tubii_7020.srcs/sources_1/bd/system/ip/system_testDelay_2_5/system_testDelay_2_5.upgrade_log'; using path 'C:/Users/Ian/project_tubii_7020/project_tubii_7020.srcs/sources_1/bd/system/ip/system_testDelay_2_5/system_testDelay_2_5.upgrade_log' instead.
CRITICAL WARNING: [Project 1-311] Could not find the file 'C:/Users/Ian/Documents/GitHub/project_tubii_7020/project_tubii_7020.srcs/sources_1/bd/system/ip/system_TrigWordDelay_0_0/system_TrigWordDelay_0_0.upgrade_log', nor could it be found using path 'C:/Users/Ian/project_tubii_7020/project_tubii_7020.srcs/sources_1/bd/system/ip/system_TrigWordDelay_0_0/system_TrigWordDelay_0_0.upgrade_log'.
CRITICAL WARNING: [Project 1-311] Could not find the file 'C:/Users/Ian/Documents/GitHub/project_tubii_7020/project_tubii_7020.srcs/sources_1/bd/system/ip/system_implement_gtid_0_0/system_implement_gtid_0_0.upgrade_log', nor could it be found using path 'C:/Users/Ian/project_tubii_7020/project_tubii_7020.srcs/sources_1/bd/system/ip/system_implement_gtid_0_0/system_implement_gtid_0_0.upgrade_log'.
WARNING: [Project 1-312] File not found as 'C:/Users/Ian/Documents/GitHub/project_tubii_7020/project_tubii_7020.srcs/sources_1/bd/system/ip/system_fifo_readout_0_0/system_fifo_readout_0_0.upgrade_log'; using path 'C:/Users/Ian/project_tubii_7020/project_tubii_7020.srcs/sources_1/bd/system/ip/system_fifo_readout_0_0/system_fifo_readout_0_0.upgrade_log' instead.
CRITICAL WARNING: [Project 1-311] Could not find the file 'C:/Users/Ian/Documents/GitHub/project_tubii_7020/project_tubii_7020.srcs/sources_1/bd/system/ip/system_buttonTrigger_0_0/system_buttonTrigger_0_0.upgrade_log', nor could it be found using path 'C:/Users/Ian/project_tubii_7020/project_tubii_7020.srcs/sources_1/bd/system/ip/system_buttonTrigger_0_0/system_buttonTrigger_0_0.upgrade_log'.
CRITICAL WARNING: [Project 1-311] Could not find the file 'C:/Users/Ian/Documents/GitHub/project_tubii_7020/project_tubii_7020.srcs/sources_1/bd/system/ip/system_triggers_0_0/system_triggers_0_0.upgrade_log', nor could it be found using path 'C:/Users/Ian/project_tubii_7020/project_tubii_7020.srcs/sources_1/bd/system/ip/system_triggers_0_0/system_triggers_0_0.upgrade_log'.
WARNING: [Project 1-312] File not found as 'C:/Users/Ian/Documents/GitHub/project_tubii_7020/project_tubii_7020.srcs/sources_1/bd/system/ip/system_prescaleTrigger_0_0/system_prescaleTrigger_0_0.upgrade_log'; using path 'C:/Users/Ian/project_tubii_7020/project_tubii_7020.srcs/sources_1/bd/system/ip/system_prescaleTrigger_0_0/system_prescaleTrigger_0_0.upgrade_log' instead.
CRITICAL WARNING: [Project 1-311] Could not find the file 'C:/Users/Ian/Documents/GitHub/project_tubii_7020/project_tubii_7020.srcs/sources_1/bd/system/ip/system_prescaleSignal_0_0/system_prescaleSignal_0_0.upgrade_log', nor could it be found using path 'C:/Users/Ian/project_tubii_7020/project_tubii_7020.srcs/sources_1/bd/system/ip/system_prescaleSignal_0_0/system_prescaleSignal_0_0.upgrade_log'.
CRITICAL WARNING: [Project 1-311] Could not find the file 'C:/Users/Ian/Documents/GitHub/project_tubii_7020/project_tubii_7020.srcs/sources_1/bd/system/ip/system_prescaleSignal_1_1/system_prescaleSignal_1_1.upgrade_log', nor could it be found using path 'C:/Users/Ian/project_tubii_7020/project_tubii_7020.srcs/sources_1/bd/system/ip/system_prescaleSignal_1_1/system_prescaleSignal_1_1.upgrade_log'.
IP Repository Path: Could not find the directory 'C:/Users/Ian/Documents/GitHub/project_tubii_7020/sync_gtid_1.0', nor could it be found using path 'C:/Users/Ian/project_tubii_7020/sync_gtid_1.0'.
IP Repository Path: Could not find the directory 'C:/Users/Ian/Documents/GitHub/project_tubii_7020/SyncGTID_1.0', nor could it be found using path 'C:/Users/Ian/project_tubii_7020/SyncGTID_1.0'.
IP Repository Path: Could not find the directory 'C:/Users/Ian/Documents/GitHub/project_tubii_7020/tubii_triggers_1.0', nor could it be found using path 'C:/Users/Ian/project_tubii_7020/tubii_triggers_1.0'.
IP Repository Path: Could not find the directory 'C:/Users/Ian/Documents/GitHub/project_tubii_7020/tubii_triggers_1.0', nor could it be found using path 'C:/Users/Ian/project_tubii_7020/tubii_triggers_1.0'.
IP Repository Path: Could not find the directory 'C:/Users/Ian/Documents/GitHub/project_tubii_7020/ShiftReg_1.0', nor could it be found using path 'C:/Users/Ian/project_tubii_7020/ShiftReg_1.0'.
Scanning sources...
Finished scanning sources
WARNING: [Project 1-312] File not found as 'C:/Users/Ian/Documents/GitHub/project_tubii_7020/project_tubii_7020.srcs/sources_1/bd/system/system.bd'; using path 'C:/Users/Ian/project_tubii_7020/project_tubii_7020.srcs/sources_1/bd/system/system.bd' instead.
WARNING: [Project 1-312] File not found as 'C:/Users/Ian/Documents/GitHub/project_tubii_7020/project_tubii_7020.srcs/sources_1/bd/system/hdl/system_wrapper.vhd'; using path 'C:/Users/Ian/project_tubii_7020/project_tubii_7020.srcs/sources_1/bd/system/hdl/system_wrapper.vhd' instead.
WARNING: [Project 1-312] File not found as 'C:/Users/Ian/Documents/GitHub/project_tubii_7020/project_tubii_7020.srcs/sources_1/bd/system/ip/system_testPulser_0_7/system_testPulser_0_7.upgrade_log'; using path 'C:/Users/Ian/project_tubii_7020/project_tubii_7020.srcs/sources_1/bd/system/ip/system_testPulser_0_7/system_testPulser_0_7.upgrade_log' instead.
WARNING: [Project 1-312] File not found as 'C:/Users/Ian/Documents/GitHub/project_tubii_7020/project_tubii_7020.srcs/sources_1/bd/system/ip/system_testPulser_0_9/system_testPulser_0_9.upgrade_log'; using path 'C:/Users/Ian/project_tubii_7020/project_tubii_7020.srcs/sources_1/bd/system/ip/system_testPulser_0_9/system_testPulser_0_9.upgrade_log' instead.
WARNING: [Project 1-312] File not found as 'C:/Users/Ian/Documents/GitHub/project_tubii_7020/project_tubii_7020.srcs/sources_1/bd/system/ip/system_testPulser_1_11/system_testPulser_1_11.upgrade_log'; using path 'C:/Users/Ian/project_tubii_7020/project_tubii_7020.srcs/sources_1/bd/system/ip/system_testPulser_1_11/system_testPulser_1_11.upgrade_log' instead.
WARNING: [Project 1-312] File not found as 'C:/Users/Ian/Documents/GitHub/project_tubii_7020/project_tubii_7020.srcs/sources_1/bd/system/ip/system_testPulser_0_10/system_testPulser_0_10.upgrade_log'; using path 'C:/Users/Ian/project_tubii_7020/project_tubii_7020.srcs/sources_1/bd/system/ip/system_testPulser_0_10/system_testPulser_0_10.upgrade_log' instead.
WARNING: [Project 1-312] File not found as 'C:/Users/Ian/Documents/GitHub/project_tubii_7020/project_tubii_7020.srcs/sources_1/bd/system/ip/system_oneshot_pulse_1_1/system_oneshot_pulse_1_1.upgrade_log'; using path 'C:/Users/Ian/project_tubii_7020/project_tubii_7020.srcs/sources_1/bd/system/ip/system_oneshot_pulse_1_1/system_oneshot_pulse_1_1.upgrade_log' instead.
WARNING: [Project 1-312] File not found as 'C:/Users/Ian/Documents/GitHub/project_tubii_7020/project_tubii_7020.srcs/sources_1/bd/system/ip/system_burstTrigger_0_0/system_burstTrigger_0_0.upgrade_log'; using path 'C:/Users/Ian/project_tubii_7020/project_tubii_7020.srcs/sources_1/bd/system/ip/system_burstTrigger_0_0/system_burstTrigger_0_0.upgrade_log' instead.
WARNING: [Project 1-312] File not found as 'C:/Users/Ian/Documents/GitHub/project_tubii_7020/project_tubii_7020.srcs/sources_1/bd/system/ip/system_testDelay_0_0/system_testDelay_0_0.upgrade_log'; using path 'C:/Users/Ian/project_tubii_7020/project_tubii_7020.srcs/sources_1/bd/system/ip/system_testDelay_0_0/system_testDelay_0_0.upgrade_log' instead.
WARNING: [Project 1-312] File not found as 'C:/Users/Ian/Documents/GitHub/project_tubii_7020/project_tubii_7020.srcs/sources_1/bd/system/ip/system_testDelay_0_7/system_testDelay_0_7.upgrade_log'; using path 'C:/Users/Ian/project_tubii_7020/project_tubii_7020.srcs/sources_1/bd/system/ip/system_testDelay_0_7/system_testDelay_0_7.upgrade_log' instead.
WARNING: [Project 1-312] File not found as 'C:/Users/Ian/Documents/GitHub/project_tubii_7020/project_tubii_7020.srcs/sources_1/bd/system/ip/system_testDelay_3_6/system_testDelay_3_6.upgrade_log'; using path 'C:/Users/Ian/project_tubii_7020/project_tubii_7020.srcs/sources_1/bd/system/ip/system_testDelay_3_6/system_testDelay_3_6.upgrade_log' instead.
WARNING: [Project 1-312] File not found as 'C:/Users/Ian/Documents/GitHub/project_tubii_7020/project_tubii_7020.srcs/sources_1/bd/system/ip/system_testDelay_2_5/system_testDelay_2_5.upgrade_log'; using path 'C:/Users/Ian/project_tubii_7020/project_tubii_7020.srcs/sources_1/bd/system/ip/system_testDelay_2_5/system_testDelay_2_5.upgrade_log' instead.
WARNING: [Project 1-312] File not found as 'C:/Users/Ian/Documents/GitHub/project_tubii_7020/project_tubii_7020.srcs/sources_1/bd/system/ip/system_fifo_readout_0_0/system_fifo_readout_0_0.upgrade_log'; using path 'C:/Users/Ian/project_tubii_7020/project_tubii_7020.srcs/sources_1/bd/system/ip/system_fifo_readout_0_0/system_fifo_readout_0_0.upgrade_log' instead.
WARNING: [Project 1-312] File not found as 'C:/Users/Ian/Documents/GitHub/project_tubii_7020/project_tubii_7020.srcs/sources_1/bd/system/ip/system_prescaleTrigger_0_0/system_prescaleTrigger_0_0.upgrade_log'; using path 'C:/Users/Ian/project_tubii_7020/project_tubii_7020.srcs/sources_1/bd/system/ip/system_prescaleTrigger_0_0/system_prescaleTrigger_0_0.upgrade_log' instead.
INFO: [IP_Flow 19-234] Refreshing IP repositories
INFO: [IP_Flow 19-1700] Loaded user IP repository 'c:/Users/Ian/Documents/GitHub/project_tubii_7020/triggers_2.0'.
WARNING: [IP_Flow 19-2207] Repository 'c:/Users/Ian/Documents/GitHub/project_tubii_7020/triggers_2.0' already exists; ignoring attempt to add it again.
INFO: [IP_Flow 19-1700] Loaded user IP repository 'c:/Users/Ian/Documents/GitHub/project_tubii_7020/triggers_2.0'.
WARNING: [IP_Flow 19-2207] Repository 'c:/Users/Ian/Documents/GitHub/project_tubii_7020/triggers_2.0' already exists; ignoring attempt to add it again.
INFO: [IP_Flow 19-1700] Loaded user IP repository 'c:/Users/Ian/Documents/GitHub/project_tubii_7020/triggers_2.0'.
WARNING: [IP_Flow 19-2207] Repository 'c:/Users/Ian/Documents/GitHub/project_tubii_7020/triggers_2.0' already exists; ignoring attempt to add it again.
INFO: [IP_Flow 19-1700] Loaded user IP repository 'c:/Users/Ian/Documents/GitHub/project_tubii_7020/triggers_2.0'.
INFO: [IP_Flow 19-1700] Loaded user IP repository 'c:/Users/Ian/Documents/GitHub/project_tubii_7020/prescaleSignal_1.0'.
WARNING: [IP_Flow 19-2248] Failed to load user IP repository 'c:/Users/Ian/Documents/GitHub/project_tubii_7020/sync_gtid_1.0'; Can't find the specified path.
If this directory should no longer be in your list of user repositories, go to the IP Settings dialog and remove it.
WARNING: [IP_Flow 19-2248] Failed to load user IP repository 'c:/Users/Ian/Documents/GitHub/project_tubii_7020/SyncGTID_1.0'; Can't find the specified path.
If this directory should no longer be in your list of user repositories, go to the IP Settings dialog and remove it.
INFO: [IP_Flow 19-1700] Loaded user IP repository 'c:/Users/Ian/Documents/GitHub/project_tubii_7020/triggers_1.0'.
WARNING: [IP_Flow 19-2248] Failed to load user IP repository 'c:/Users/Ian/Documents/GitHub/project_tubii_7020/tubii_triggers_1.0'; Can't find the specified path.
If this directory should no longer be in your list of user repositories, go to the IP Settings dialog and remove it.
WARNING: [IP_Flow 19-2207] Repository 'c:/Users/Ian/Documents/GitHub/project_tubii_7020/tubii_triggers_1.0' already exists; ignoring attempt to add it again.
WARNING: [IP_Flow 19-2248] Failed to load user IP repository 'c:/Users/Ian/Documents/GitHub/project_tubii_7020/tubii_triggers_1.0'; Can't find the specified path.
If this directory should no longer be in your list of user repositories, go to the IP Settings dialog and remove it.
INFO: [IP_Flow 19-1700] Loaded user IP repository 'c:/Users/Ian/Documents/GitHub/project_tubii_7020/ShiftRegisters_1.0'.
WARNING: [IP_Flow 19-2207] Repository 'c:/Users/Ian/Documents/GitHub/project_tubii_7020/ShiftRegisters_1.0' already exists; ignoring attempt to add it again.
INFO: [IP_Flow 19-1700] Loaded user IP repository 'c:/Users/Ian/Documents/GitHub/project_tubii_7020/ShiftRegisters_1.0'.
INFO: [IP_Flow 19-1700] Loaded user IP repository 'c:/Users/Ian/Documents/GitHub/project_tubii_7020/buttonTrigger_1.0'.
WARNING: [IP_Flow 19-2248] Failed to load user IP repository 'c:/Users/Ian/Documents/GitHub/project_tubii_7020/ShiftReg_1.0'; Can't find the specified path.
If this directory should no longer be in your list of user repositories, go to the IP Settings dialog and remove it.
INFO: [IP_Flow 19-1700] Loaded user IP repository 'c:/Users/Ian/Documents/GitHub/project_tubii_7020/implement_gtid_1.0'.
INFO: [IP_Flow 19-1700] Loaded user IP repository 'c:/Users/Ian/Documents/GitHub/project_tubii_7020/TrigWordDelay_1.0'.
INFO: [IP_Flow 19-1700] Loaded user IP repository 'c:/Users/Ian/Documents/GitHub/project_tubii_7020/oneshot_pulse_1.0'.
INFO: [IP_Flow 19-1700] Loaded user IP repository 'c:/Users/Ian/Documents/GitHub/project_tubii_7020/fifo_readout_1.0'.
INFO: [IP_Flow 19-1700] Loaded user IP repository 'c:/Users/Ian/Documents/GitHub/project_tubii_7020/counter_1.0'.
INFO: [IP_Flow 19-1700] Loaded user IP repository 'c:/Users/Ian/project_tubii_7020/ShiftRegs_1.0'.
INFO: [IP_Flow 19-1700] Loaded user IP repository 'c:/Users/Ian/Documents/GitHub/project_tubii_7020/countDisplay_1.0'.
INFO: [IP_Flow 19-1700] Loaded user IP repository 'c:/Users/Ian/Documents/GitHub/project_tubii_7020/comboTrigger_1.0'.
INFO: [IP_Flow 19-1700] Loaded user IP repository 'c:/Users/Ian/Documents/GitHub/project_tubii_7020/testPulser_1.0'.
INFO: [IP_Flow 19-1700] Loaded user IP repository 'c:/Users/Ian/project_tubii_7020/triggerOut_1.0'.
INFO: [IP_Flow 19-1700] Loaded user IP repository 'c:/Users/Ian/Documents/GitHub/project_tubii_7020/clockLogic_1.0'.
INFO: [IP_Flow 19-1700] Loaded user IP repository 'c:/Users/Ian/Documents/GitHub/project_tubii_7020/triggerSplit_1.0'.
INFO: [IP_Flow 19-1700] Loaded user IP repository 'c:/Users/Ian/Documents/GitHub/project_tubii_7020/testDelay_1.0'.
INFO: [IP_Flow 19-1700] Loaded user IP repository 'c:/Users/Ian/Documents/GitHub/project_tubii_7020/prescaleTrigger_1.0'.
INFO: [IP_Flow 19-1700] Loaded user IP repository 'c:/Users/Ian/Documents/GitHub/project_tubii_7020/burstTrigger_1.0'.
INFO: [IP_Flow 19-2313] Loaded Vivado IP repository 'C:/Xilinx/Vivado/2013.4/data/ip'.
WARNING: [BD 41-1303] One or more IPs have been locked in the design 'system.bd'. Please run report_ip_status for more details and recommendations on how to fix this issue.
open_project: Time (s): cpu = 00:00:40 ; elapsed = 00:00:31 . Memory (MB): peak = 1171.344 ; gain = 371.809
open_bd_design {C:/Users/Ian/project_tubii_7020/project_tubii_7020.srcs/sources_1/bd/system/system.bd}
Adding component instance block -- xilinx.com:ip:processing_system7:5.3 - processing_system7_0
Adding component instance block -- xilinx.com:user:clockLogic:1.0 - clockLogic_0
Adding component instance block -- xilinx.com:ip:xlconstant:1.0 - xlconstant_1
Adding component instance block -- xilinx.com:user:testDelay:1.0 - genericDelay
Adding component instance block -- xilinx.com:user:testDelay:1.0 - gtDelay
Adding component instance block -- xilinx.com:user:testDelay:1.0 - smellieDelay
Adding component instance block -- xilinx.com:user:testDelay:1.0 - tellieDelay
Adding component instance block -- xilinx.com:ip:fifo_generator:11.0 - fifo_generator_0
INFO: [xilinx.com:ip:fifo_generator:11.0-5968] /fifo_generator_0Executing the post_config_ip from bd
Adding component instance block -- xilinx.com:ip:xlconstant:1.0 - xlconstant_0
Adding component instance block -- xilinx.com:user:fifo_readout:1.0 - fifo_readout_0
Adding component instance block -- xilinx.com:user:testPulser:1.0 - MZ_Happy
Adding component instance block -- xilinx.com:user:testPulser:1.0 - genericPulser
Adding component instance block -- xilinx.com:user:testPulser:1.0 - smelliePulser
Adding component instance block -- xilinx.com:user:testPulser:1.0 - telliePulser
Adding component instance block -- xilinx.com:user:counter:1.0 - counter_0
Adding component instance block -- xilinx.com:user:triggerOut:1.0 - triggerOut_0
Adding component instance block -- xilinx.com:user:triggerCombine:1.0 - triggerSplit_0
Adding component instance block -- xilinx.com:user:prescaleTrigger:1.0 - prescaleTrigger_0
Adding component instance block -- xilinx.com:user:burstTrigger:1.0 - burstTrigger_0
Adding component instance block -- xilinx.com:user:countDisplay:1.0 - countDisplay_0
Adding component instance block -- xilinx.com:user:ShiftRegs:1.0 - ShiftRegs_0
Adding component instance block -- xilinx.com:user:oneshot_pulse:1.0 - oneshot_pulse_1
Adding component instance block -- xilinx.com:user:comboTrigger:1.0 - comboTrigger_0
Adding component instance block -- xilinx.com:ip:axi_crossbar:2.1 - xbar
Adding component instance block -- xilinx.com:ip:axi_crossbar:2.1 - tier2_xbar_0
Adding component instance block -- xilinx.com:ip:axi_crossbar:2.1 - tier2_xbar_1
Adding component instance block -- xilinx.com:ip:axi_crossbar:2.1 - tier2_xbar_2
Adding component instance block -- xilinx.com:ip:axi_clock_converter:2.1 - auto_cc
Adding component instance block -- xilinx.com:ip:axi_clock_converter:2.1 - auto_cc
Adding component instance block -- xilinx.com:ip:axi_clock_converter:2.1 - auto_cc
Adding component instance block -- xilinx.com:ip:axi_clock_converter:2.1 - auto_cc
Adding component instance block -- xilinx.com:ip:axi_protocol_converter:2.1 - auto_pc
Successfully read diagram <system> from BD file <C:/Users/Ian/project_tubii_7020/project_tubii_7020.srcs/sources_1/bd/system/system.bd>
open_bd_design: Time (s): cpu = 00:00:41 ; elapsed = 00:00:43 . Memory (MB): peak = 1290.109 ; gain = 98.711
report_ip_status -name ip_status_1 
exit
INFO: [Common 17-206] Exiting Vivado at Fri Apr 21 15:37:54 2017...
