#-----------------------------------------------------------
# Vivado v2013.4 (64-bit)
# SW Build 353583 on Mon Dec  9 17:26:26 MST 2013
# IP Build 208076 on Mon Dec  2 12:38:17 MST 2013
# Start of session at: Thu Dec  1 12:15:29 2016
# Process ID: 6295
# Log file: /home/snoperator/project_tubii_7020/vivado.log
# Journal file: /home/snoperator/project_tubii_7020/vivado.jou
#-----------------------------------------------------------
Attempting to get a license: Implementation
WARNING: [Common 17-301] Failed to get a license: Implementation
WARNING: [Vivado 15-19] WARNING: No 'Implementation' license found. This message may be safely ignored if a Vivado WebPACK or device-locked license, common for board kits, will be used during implementation.

Attempting to get a license: Synthesis
WARNING: [Common 17-301] Failed to get a license: Synthesis
Loading parts and site information from /home/snoperator/Xilinx/Vivado/2013.4/data/parts/arch.xml
Parsing RTL primitives file [/home/snoperator/Xilinx/Vivado/2013.4/data/parts/xilinx/rtl/prims/rtl_prims.xml]
Finished parsing RTL primitives file [/home/snoperator/Xilinx/Vivado/2013.4/data/parts/xilinx/rtl/prims/rtl_prims.xml]
start_gui
open_project /home/snoperator/project_tubii_7020/project_tubii_7020.xpr
INFO: [Project 1-313] Project file moved from 'C:/Users/Ian/project_tubii_7020' since last save.
CRITICAL WARNING: [Project 1-311] Could not find the file '/project_tubii_7020/project_tubii_7020.srcs/sources_1/bd/system/ip/system_triggerOut_0_0/system_triggerOut_0_0.upgrade_log', nor could it be found using path '/home/snoperator/project_tubii_7020/C:/project_tubii_7020/project_tubii_7020.srcs/sources_1/bd/system/ip/system_triggerOut_0_0/system_triggerOut_0_0.upgrade_log'.
CRITICAL WARNING: [Project 1-311] Could not find the file '/home/snoperator/project_tubii_7020/project_tubii_7020.srcs/sources_1/bd/system/ip/system_counter_0_0/system_counter_0_0.upgrade_log', nor could it be found using path '/home/snoperator/project_tubii_7020/C:/Users/Ian/project_tubii_7020/project_tubii_7020.srcs/sources_1/bd/system/ip/system_counter_0_0/system_counter_0_0.upgrade_log'.
CRITICAL WARNING: [Project 1-311] Could not find the file '/project_tubii_7020/project_tubii_7020.srcs/sources_1/bd/system/ip/system_ShiftRegs_0_0/system_ShiftRegs_0_0.upgrade_log', nor could it be found using path '/home/snoperator/project_tubii_7020/C:/project_tubii_7020/project_tubii_7020.srcs/sources_1/bd/system/ip/system_ShiftRegs_0_0/system_ShiftRegs_0_0.upgrade_log'.
CRITICAL WARNING: [Project 1-311] Could not find the file '/project_tubii_7020/project_tubii_7020.srcs/sources_1/bd/system/ip/system_triggerSplit_0_0/system_triggerSplit_0_0.upgrade_log', nor could it be found using path '/home/snoperator/project_tubii_7020/C:/project_tubii_7020/project_tubii_7020.srcs/sources_1/bd/system/ip/system_triggerSplit_0_0/system_triggerSplit_0_0.upgrade_log'.
CRITICAL WARNING: [Project 1-311] Could not find the file '/home/snoperator/project_tubii_7020/project_tubii_7020.srcs/sources_1/bd/system/ip/system_oneshot_pulse_2_3/system_oneshot_pulse_2_3.upgrade_log', nor could it be found using path '/home/snoperator/project_tubii_7020/C:/Users/Ian/project_tubii_7020/project_tubii_7020.srcs/sources_1/bd/system/ip/system_oneshot_pulse_2_3/system_oneshot_pulse_2_3.upgrade_log'.
IP Repository Path: Could not find the directory '/home/snoperator/project_tubii_7020/sync_gtid_1.0', nor could it be found using path '/home/snoperator/project_tubii_7020/C:/Users/Ian/project_tubii_7020/sync_gtid_1.0'.
IP Repository Path: Could not find the directory '/home/snoperator/project_tubii_7020/SyncGTID_1.0', nor could it be found using path '/home/snoperator/project_tubii_7020/C:/Users/Ian/project_tubii_7020/SyncGTID_1.0'.
IP Repository Path: Could not find the directory '/home/snoperator/project_tubii_7020/tubii_triggers_1.0', nor could it be found using path '/home/snoperator/project_tubii_7020/C:/Users/Ian/project_tubii_7020/tubii_triggers_1.0'.
IP Repository Path: Could not find the directory '/home/snoperator/project_tubii_7020/tubii_triggers_1.0', nor could it be found using path '/home/snoperator/project_tubii_7020/C:/Users/Ian/project_tubii_7020/tubii_triggers_1.0'.
IP Repository Path: Could not find the directory '/home/snoperator/project_tubii_7020/ShiftReg_1.0', nor could it be found using path '/home/snoperator/project_tubii_7020/C:/Users/Ian/project_tubii_7020/ShiftReg_1.0'.
IP Repository Path: Could not find the directory '/project_tubii_7020/ShiftRegs_1.0', nor could it be found using path '/home/snoperator/project_tubii_7020/C:/project_tubii_7020/ShiftRegs_1.0'.
IP Repository Path: Could not find the directory '/project_tubii_7020/triggerOut_1.0', nor could it be found using path '/home/snoperator/project_tubii_7020/C:/project_tubii_7020/triggerOut_1.0'.
Scanning sources...
Finished scanning sources
INFO: [IP_Flow 19-234] Refreshing IP repositories
INFO: [IP_Flow 19-1700] Loaded user IP repository '/home/snoperator/project_tubii_7020/triggers_2.0'.
WARNING: [IP_Flow 19-2207] Repository '/home/snoperator/project_tubii_7020/triggers_2.0' already exists; ignoring attempt to add it again.
INFO: [IP_Flow 19-1700] Loaded user IP repository '/home/snoperator/project_tubii_7020/triggers_2.0'.
WARNING: [IP_Flow 19-2207] Repository '/home/snoperator/project_tubii_7020/triggers_2.0' already exists; ignoring attempt to add it again.
INFO: [IP_Flow 19-1700] Loaded user IP repository '/home/snoperator/project_tubii_7020/triggers_2.0'.
WARNING: [IP_Flow 19-2207] Repository '/home/snoperator/project_tubii_7020/triggers_2.0' already exists; ignoring attempt to add it again.
INFO: [IP_Flow 19-1700] Loaded user IP repository '/home/snoperator/project_tubii_7020/triggers_2.0'.
INFO: [IP_Flow 19-1700] Loaded user IP repository '/home/snoperator/project_tubii_7020/prescaleSignal_1.0'.
WARNING: [IP_Flow 19-2248] Failed to load user IP repository '/home/snoperator/project_tubii_7020/sync_gtid_1.0'; Can't find the specified path.
If this directory should no longer be in your list of user repositories, go to the IP Settings dialog and remove it.
WARNING: [IP_Flow 19-2248] Failed to load user IP repository '/home/snoperator/project_tubii_7020/SyncGTID_1.0'; Can't find the specified path.
If this directory should no longer be in your list of user repositories, go to the IP Settings dialog and remove it.
INFO: [IP_Flow 19-1700] Loaded user IP repository '/home/snoperator/project_tubii_7020/triggers_1.0'.
WARNING: [IP_Flow 19-2248] Failed to load user IP repository '/home/snoperator/project_tubii_7020/tubii_triggers_1.0'; Can't find the specified path.
If this directory should no longer be in your list of user repositories, go to the IP Settings dialog and remove it.
WARNING: [IP_Flow 19-2207] Repository '/home/snoperator/project_tubii_7020/tubii_triggers_1.0' already exists; ignoring attempt to add it again.
WARNING: [IP_Flow 19-2248] Failed to load user IP repository '/home/snoperator/project_tubii_7020/tubii_triggers_1.0'; Can't find the specified path.
If this directory should no longer be in your list of user repositories, go to the IP Settings dialog and remove it.
INFO: [IP_Flow 19-1700] Loaded user IP repository '/home/snoperator/project_tubii_7020/ShiftRegisters_1.0'.
WARNING: [IP_Flow 19-2207] Repository '/home/snoperator/project_tubii_7020/ShiftRegisters_1.0' already exists; ignoring attempt to add it again.
INFO: [IP_Flow 19-1700] Loaded user IP repository '/home/snoperator/project_tubii_7020/ShiftRegisters_1.0'.
INFO: [IP_Flow 19-1700] Loaded user IP repository '/home/snoperator/project_tubii_7020/buttonTrigger_1.0'.
WARNING: [IP_Flow 19-2248] Failed to load user IP repository '/home/snoperator/project_tubii_7020/ShiftReg_1.0'; Can't find the specified path.
If this directory should no longer be in your list of user repositories, go to the IP Settings dialog and remove it.
INFO: [IP_Flow 19-1700] Loaded user IP repository '/home/snoperator/project_tubii_7020/implement_gtid_1.0'.
INFO: [IP_Flow 19-1700] Loaded user IP repository '/home/snoperator/project_tubii_7020/TrigWordDelay_1.0'.
INFO: [IP_Flow 19-1700] Loaded user IP repository '/home/snoperator/project_tubii_7020/oneshot_pulse_1.0'.
INFO: [IP_Flow 19-1700] Loaded user IP repository '/home/snoperator/project_tubii_7020/fifo_readout_1.0'.
INFO: [IP_Flow 19-1700] Loaded user IP repository '/home/snoperator/project_tubii_7020/counter_1.0'.
WARNING: [IP_Flow 19-2248] Failed to load user IP repository '/project_tubii_7020/ShiftRegs_1.0'; Can't find the specified path.
If this directory should no longer be in your list of user repositories, go to the IP Settings dialog and remove it.
INFO: [IP_Flow 19-1700] Loaded user IP repository '/home/snoperator/project_tubii_7020/countDisplay_1.0'.
INFO: [IP_Flow 19-1700] Loaded user IP repository '/home/snoperator/project_tubii_7020/comboTrigger_1.0'.
INFO: [IP_Flow 19-1700] Loaded user IP repository '/home/snoperator/project_tubii_7020/testPulser_1.0'.
WARNING: [IP_Flow 19-2248] Failed to load user IP repository '/project_tubii_7020/triggerOut_1.0'; Can't find the specified path.
If this directory should no longer be in your list of user repositories, go to the IP Settings dialog and remove it.
INFO: [IP_Flow 19-1700] Loaded user IP repository '/home/snoperator/project_tubii_7020/clockLogic_1.0'.
INFO: [IP_Flow 19-1700] Loaded user IP repository '/home/snoperator/project_tubii_7020/triggerSplit_1.0'.
INFO: [IP_Flow 19-1700] Loaded user IP repository '/home/snoperator/project_tubii_7020/testDelay_1.0'.
INFO: [IP_Flow 19-1700] Loaded user IP repository '/home/snoperator/project_tubii_7020/prescaleTrigger_1.0'.
INFO: [IP_Flow 19-1700] Loaded user IP repository '/home/snoperator/project_tubii_7020/burstTrigger_1.0'.
INFO: [IP_Flow 19-2313] Loaded Vivado IP repository '/home/snoperator/Xilinx/Vivado/2013.4/data/ip'.
open_project: Time (s): cpu = 00:00:16 ; elapsed = 00:00:08 . Memory (MB): peak = 5112.238 ; gain = 159.949
open_bd_design {/home/snoperator/project_tubii_7020/project_tubii_7020.srcs/sources_1/bd/system/system.bd}
Adding component instance block -- xilinx.com:ip:processing_system7:5.3 - processing_system7_0
Adding component instance block -- xilinx.com:user:clockLogic:1.0 - clockLogic_0
Adding component instance block -- xilinx.com:ip:fifo_generator:11.0 - fifo_generator_0
INFO: [xilinx.com:ip:fifo_generator:11.0-5968] /fifo_generator_0Executing the post_config_ip from bd
Adding component instance block -- xilinx.com:user:countDisplay:1.0 - countDisplay_0
Adding component instance block -- xilinx.com:user:comboTrigger:1.0 - comboTrigger_0
Adding component instance block -- xilinx.com:user:testPulser:1.0 - MZ_Happy
Adding component instance block -- xilinx.com:user:testPulser:1.0 - genericPulser
Adding component instance block -- xilinx.com:user:testPulser:1.0 - smelliePulser
Adding component instance block -- xilinx.com:user:testPulser:1.0 - telliePulser
Adding component instance block -- xilinx.com:user:testDelay:1.0 - genericDelay
Adding component instance block -- xilinx.com:user:testDelay:1.0 - gtDelay
Adding component instance block -- xilinx.com:user:testDelay:1.0 - smellieDelay
Adding component instance block -- xilinx.com:user:testDelay:1.0 - tellieDelay
Adding component instance block -- xilinx.com:user:TrigWordDelay:1.0 - TrigWordDelay_0
Adding component instance block -- xilinx.com:user:buttonTrigger:1.0 - buttonTrigger_0
Adding component instance block -- xilinx.com:user:burstTrigger:1.0 - burstTrigger_0
Adding component instance block -- xilinx.com:user:ShiftRegisters:1.0 - ShiftRegisters_0
Adding component instance block -- xilinx.com:ip:xadc_wiz:3.0 - xadc_wiz_0
Adding component instance block -- xilinx.com:user:implement_gtid:1.0 - implement_gtid_0
Adding component instance block -- xilinx.com:user:fifo_readout:1.0 - fifo_readout_0
Adding component instance block -- xilinx.com:ip:util_vector_logic:1.0 - util_vector_logic_0
Adding component instance block -- xilinx.com:ip:util_reduced_logic:1.0 - util_reduced_logic_0
Adding component instance block -- xilinx.com:ip:xlconcat:1.0 - xlconcat_0
Adding component instance block -- xilinx.com:ip:xlconcat:1.0 - xlconcat_1
Adding component instance block -- xilinx.com:ip:util_vector_logic:1.0 - util_vector_logic_1
Adding component instance block -- xilinx.com:ip:util_reduced_logic:1.0 - util_reduced_logic_1
Adding component instance block -- xilinx.com:ip:util_vector_logic:1.0 - util_vector_logic_2
Adding component instance block -- xilinx.com:ip:util_reduced_logic:1.0 - util_reduced_logic_2
Adding component instance block -- xilinx.com:user:oneshot_pulse:1.0 - oneshot_pulse_0
Adding component instance block -- xilinx.com:user:oneshot_pulse:1.0 - oneshot_pulse_1
Adding component instance block -- xilinx.com:ip:util_vector_logic:1.0 - util_vector_logic_3
Adding component instance block -- xilinx.com:ip:util_vector_logic:1.0 - util_vector_logic_4
Adding component instance block -- xilinx.com:ip:util_reduced_logic:1.0 - util_reduced_logic_3
Adding component instance block -- xilinx.com:user:triggers:2.0 - triggers_0
Adding component instance block -- xilinx.com:ip:util_vector_logic:1.0 - util_vector_logic_5
Adding component instance block -- xilinx.com:user:prescaleTrigger:1.0 - prescaleTrigger_0
Adding component instance block -- xilinx.com:ip:util_reduced_logic:1.0 - util_reduced_logic_4
Adding component instance block -- xilinx.com:ip:util_vector_logic:1.0 - util_vector_logic_6
Adding component instance block -- xilinx.com:user:prescaleSignal:1.0 - prescaleSignal_0
Adding component instance block -- xilinx.com:user:prescaleSignal:1.0 - prescaleSignal_1
Adding component instance block -- xilinx.com:ip:axi_crossbar:2.1 - xbar
Adding component instance block -- xilinx.com:ip:axi_crossbar:2.1 - tier2_xbar_0
Adding component instance block -- xilinx.com:ip:axi_crossbar:2.1 - tier2_xbar_1
Adding component instance block -- xilinx.com:ip:axi_crossbar:2.1 - tier2_xbar_2
Adding component instance block -- xilinx.com:ip:axi_clock_converter:2.1 - auto_cc
Adding component instance block -- xilinx.com:ip:axi_clock_converter:2.1 - auto_cc
Adding component instance block -- xilinx.com:ip:axi_clock_converter:2.1 - auto_cc
Adding component instance block -- xilinx.com:ip:axi_clock_converter:2.1 - auto_cc
Adding component instance block -- xilinx.com:ip:axi_clock_converter:2.1 - auto_cc
Adding component instance block -- xilinx.com:ip:axi_clock_converter:2.1 - auto_cc
Adding component instance block -- xilinx.com:ip:axi_clock_converter:2.1 - auto_cc
Adding component instance block -- xilinx.com:ip:axi_clock_converter:2.1 - auto_cc
Adding component instance block -- xilinx.com:ip:axi_protocol_converter:2.1 - auto_pc
Successfully read diagram <system> from BD file </home/snoperator/project_tubii_7020/project_tubii_7020.srcs/sources_1/bd/system/system.bd>
open_bd_design: Time (s): cpu = 00:00:20 ; elapsed = 00:00:24 . Memory (MB): peak = 5257.582 ; gain = 133.984
ipx::edit_ip_in_project -upgrade true -name {burstTrigger_v1_0_project} -directory {/home/snoperator/project_tubii_7020/burstTrigger_1.0/burstTrigger_v1_0_project} {/home/snoperator/project_tubii_7020/burstTrigger_1.0/component.xml}
CRITICAL WARNING: [IP_Flow 19-2329] The specified repository '/home/snoperator/project_tubii_7020/triggers_2.0' is already a user repository, so not adding it.
CRITICAL WARNING: [IP_Flow 19-2329] The specified repository '/home/snoperator/project_tubii_7020/triggers_2.0' is already a user repository, so not adding it.
CRITICAL WARNING: [IP_Flow 19-2329] The specified repository '/home/snoperator/project_tubii_7020/triggers_2.0' is already a user repository, so not adding it.
CRITICAL WARNING: [IP_Flow 19-2328] The specified repository '/home/snoperator/project_tubii_7020/sync_gtid_1.0' could not be found, so it will not be added.
CRITICAL WARNING: [IP_Flow 19-2328] The specified repository '/home/snoperator/project_tubii_7020/SyncGTID_1.0' could not be found, so it will not be added.
CRITICAL WARNING: [IP_Flow 19-2328] The specified repository '/home/snoperator/project_tubii_7020/tubii_triggers_1.0' could not be found, so it will not be added.
CRITICAL WARNING: [IP_Flow 19-2328] The specified repository '/home/snoperator/project_tubii_7020/tubii_triggers_1.0' could not be found, so it will not be added.
CRITICAL WARNING: [IP_Flow 19-2329] The specified repository '/home/snoperator/project_tubii_7020/ShiftRegisters_1.0' is already a user repository, so not adding it.
CRITICAL WARNING: [IP_Flow 19-2328] The specified repository '/home/snoperator/project_tubii_7020/ShiftReg_1.0' could not be found, so it will not be added.
CRITICAL WARNING: [IP_Flow 19-2328] The specified repository '/project_tubii_7020/ShiftRegs_1.0' could not be found, so it will not be added.
CRITICAL WARNING: [IP_Flow 19-2328] The specified repository '/project_tubii_7020/triggerOut_1.0' could not be found, so it will not be added.
INFO: [IP_Flow 19-234] Refreshing IP repositories
INFO: [IP_Flow 19-1700] Loaded user IP repository '/home/snoperator/project_tubii_7020/triggers_2.0'.
INFO: [IP_Flow 19-1700] Loaded user IP repository '/home/snoperator/project_tubii_7020/prescaleSignal_1.0'.
INFO: [IP_Flow 19-1700] Loaded user IP repository '/home/snoperator/project_tubii_7020/triggers_1.0'.
INFO: [IP_Flow 19-1700] Loaded user IP repository '/home/snoperator/project_tubii_7020/ShiftRegisters_1.0'.
INFO: [IP_Flow 19-1700] Loaded user IP repository '/home/snoperator/project_tubii_7020/buttonTrigger_1.0'.
INFO: [IP_Flow 19-1700] Loaded user IP repository '/home/snoperator/project_tubii_7020/implement_gtid_1.0'.
INFO: [IP_Flow 19-1700] Loaded user IP repository '/home/snoperator/project_tubii_7020/TrigWordDelay_1.0'.
INFO: [IP_Flow 19-1700] Loaded user IP repository '/home/snoperator/project_tubii_7020/oneshot_pulse_1.0'.
INFO: [IP_Flow 19-1700] Loaded user IP repository '/home/snoperator/project_tubii_7020/fifo_readout_1.0'.
INFO: [IP_Flow 19-1700] Loaded user IP repository '/home/snoperator/project_tubii_7020/counter_1.0'.
INFO: [IP_Flow 19-1700] Loaded user IP repository '/home/snoperator/project_tubii_7020/countDisplay_1.0'.
INFO: [IP_Flow 19-1700] Loaded user IP repository '/home/snoperator/project_tubii_7020/comboTrigger_1.0'.
INFO: [IP_Flow 19-1700] Loaded user IP repository '/home/snoperator/project_tubii_7020/testPulser_1.0'.
INFO: [IP_Flow 19-1700] Loaded user IP repository '/home/snoperator/project_tubii_7020/clockLogic_1.0'.
INFO: [IP_Flow 19-1700] Loaded user IP repository '/home/snoperator/project_tubii_7020/triggerSplit_1.0'.
INFO: [IP_Flow 19-1700] Loaded user IP repository '/home/snoperator/project_tubii_7020/testDelay_1.0'.
INFO: [IP_Flow 19-1700] Loaded user IP repository '/home/snoperator/project_tubii_7020/prescaleTrigger_1.0'.
INFO: [IP_Flow 19-1700] Loaded user IP repository '/home/snoperator/project_tubii_7020/burstTrigger_1.0'.
WARNING: [IP_Flow 19-3299] If you move the project, the path for repository '/home/snoperator/project_tubii_7020/burstTrigger_1.0' may become invalid. A better location for the repository would be in a path adjacent to the project.
INFO: [IP_Flow 19-2313] Loaded Vivado IP repository '/home/snoperator/Xilinx/Vivado/2013.4/data/ip'.
ipx::edit_ip_in_project: Time (s): cpu = 00:00:05 ; elapsed = 00:00:07 . Memory (MB): peak = 5268.586 ; gain = 11.004
update_compile_order -fileset sim_1
current_project project_tubii_7020
close_project
ipx::update_ip_instances -delete_project true
INFO: [IP_Flow 19-234] Refreshing IP repositories
INFO: [IP_Flow 19-1700] Loaded user IP repository '/home/snoperator/project_tubii_7020/triggers_2.0'.
INFO: [IP_Flow 19-1700] Loaded user IP repository '/home/snoperator/project_tubii_7020/prescaleSignal_1.0'.
INFO: [IP_Flow 19-1700] Loaded user IP repository '/home/snoperator/project_tubii_7020/triggers_1.0'.
INFO: [IP_Flow 19-1700] Loaded user IP repository '/home/snoperator/project_tubii_7020/ShiftRegisters_1.0'.
INFO: [IP_Flow 19-1700] Loaded user IP repository '/home/snoperator/project_tubii_7020/buttonTrigger_1.0'.
INFO: [IP_Flow 19-1700] Loaded user IP repository '/home/snoperator/project_tubii_7020/implement_gtid_1.0'.
INFO: [IP_Flow 19-1700] Loaded user IP repository '/home/snoperator/project_tubii_7020/TrigWordDelay_1.0'.
INFO: [IP_Flow 19-1700] Loaded user IP repository '/home/snoperator/project_tubii_7020/oneshot_pulse_1.0'.
INFO: [IP_Flow 19-1700] Loaded user IP repository '/home/snoperator/project_tubii_7020/fifo_readout_1.0'.
INFO: [IP_Flow 19-1700] Loaded user IP repository '/home/snoperator/project_tubii_7020/counter_1.0'.
INFO: [IP_Flow 19-1700] Loaded user IP repository '/home/snoperator/project_tubii_7020/countDisplay_1.0'.
INFO: [IP_Flow 19-1700] Loaded user IP repository '/home/snoperator/project_tubii_7020/comboTrigger_1.0'.
INFO: [IP_Flow 19-1700] Loaded user IP repository '/home/snoperator/project_tubii_7020/testPulser_1.0'.
INFO: [IP_Flow 19-1700] Loaded user IP repository '/home/snoperator/project_tubii_7020/clockLogic_1.0'.
INFO: [IP_Flow 19-1700] Loaded user IP repository '/home/snoperator/project_tubii_7020/triggerSplit_1.0'.
INFO: [IP_Flow 19-1700] Loaded user IP repository '/home/snoperator/project_tubii_7020/testDelay_1.0'.
INFO: [IP_Flow 19-1700] Loaded user IP repository '/home/snoperator/project_tubii_7020/prescaleTrigger_1.0'.
INFO: [IP_Flow 19-1700] Loaded user IP repository '/home/snoperator/project_tubii_7020/burstTrigger_1.0'.
WARNING: [IP_Flow 19-3299] If you move the project, the path for repository '/home/snoperator/project_tubii_7020/burstTrigger_1.0' may become invalid. A better location for the repository would be in a path adjacent to the project.
ERROR: [Vivado 12-106] *** Exception: java.lang.NullPointerException (See /home/snoperator/project_tubii_7020/vivado_pid6295.debug)
exit
INFO: [Common 17-206] Exiting Vivado at Thu Dec  1 12:53:01 2016...
