
*** Running vivado
    with args -log TrigWordDelay_v1_0.rds -m64 -mode batch -messageDb vivado.pb -source TrigWordDelay_v1_0.tcl


****** Vivado v2013.4 (64-bit)
  **** SW Build 353583 on Mon Dec  9 17:49:19 MST 2013
  **** IP Build 208076 on Mon Dec  2 12:38:17 MST 2013
    ** Copyright 1986-1999, 2001-2013 Xilinx, Inc. All Rights Reserved.

Attempting to get a license: Implementation
WARNING: [Common 17-301] Failed to get a license: Implementation
WARNING: [Vivado 15-19] WARNING: No 'Implementation' license found. This message may be safely ignored if a Vivado WebPACK or device-locked license, common for board kits, will be used during implementation.

Attempting to get a license: Synthesis
WARNING: [Common 17-301] Failed to get a license: Synthesis
Loading parts and site information from C:/Xilinx/Vivado/2013.4/data/parts/arch.xml
Parsing RTL primitives file [C:/Xilinx/Vivado/2013.4/data/parts/xilinx/rtl/prims/rtl_prims.xml]
Finished parsing RTL primitives file [C:/Xilinx/Vivado/2013.4/data/parts/xilinx/rtl/prims/rtl_prims.xml]
source TrigWordDelay_v1_0.tcl
# set_param gui.test TreeTableDev
# set_msg_config -id {HDL 9-1061} -limit 100000
# set_msg_config -id {HDL 9-1654} -limit 100000
# create_project -in_memory -part xc7z020clg400-1
# set_property target_language Verilog [current_project]
# set_param project.compositeFile.enableAutoGeneration 0
# set_property ip_repo_paths {
#   c:/Users/Ian/Documents/GitHub/project_tubii_7020/triggers_2.0
#   c:/Users/Ian/Documents/GitHub/project_tubii_7020/prescaleSignal_1.0
#   c:/Users/Ian/Documents/GitHub/project_tubii_7020/triggers_1.0
#   c:/Users/Ian/Documents/GitHub/project_tubii_7020/ShiftRegisters_1.0
#   c:/Users/Ian/Documents/GitHub/project_tubii_7020/buttonTrigger_1.0
#   c:/Users/Ian/Documents/GitHub/project_tubii_7020/implement_gtid_1.0
#   c:/Users/Ian/Documents/GitHub/project_tubii_7020/TrigWordDelay_1.0
#   c:/Users/Ian/Documents/GitHub/project_tubii_7020/oneshot_pulse_1.0
#   c:/Users/Ian/Documents/GitHub/project_tubii_7020/fifo_readout_1.0
#   c:/Users/Ian/Documents/GitHub/project_tubii_7020/counter_1.0
#   c:/Users/Ian/project_tubii_7020/ShiftRegs_1.0
#   c:/Users/Ian/Documents/GitHub/project_tubii_7020/countDisplay_1.0
#   c:/Users/Ian/Documents/GitHub/project_tubii_7020/comboTrigger_1.0
#   c:/Users/Ian/Documents/GitHub/project_tubii_7020/testPulser_1.0
#   c:/Users/Ian/project_tubii_7020/triggerOut_1.0
#   c:/Users/Ian/Documents/GitHub/project_tubii_7020/clockLogic_1.0
#   c:/Users/Ian/Documents/GitHub/project_tubii_7020/triggerSplit_1.0
#   c:/Users/Ian/Documents/GitHub/project_tubii_7020/testDelay_1.0
#   c:/Users/Ian/Documents/GitHub/project_tubii_7020/prescaleTrigger_1.0
#   c:/Users/Ian/Documents/GitHub/project_tubii_7020/burstTrigger_1.0
# } [current_fileset]
# set_property constrs_type UCF [current_fileset -constrset]
# read_vhdl {
#   c:/Users/Ian/Documents/GitHub/project_tubii_7020/TrigWordDelay_1.0/hdl/TrigWordDelay_v1_0_S00_AXI.vhd
#   c:/Users/Ian/Documents/GitHub/project_tubii_7020/TrigWordDelay_1.0/hdl/TrigWordDelay_v1_0.vhd
# }
# set_property webtalk.parent_dir C:/Users/Ian/Documents/GitHub/project_tubii_7020/TrigWordDelay_1.0/TrigWordDelay_v1_0_project/TrigWordDelay_v1_0_project.data/wt [current_project]
# set_property parent.project_dir C:/Users/Ian/Documents/GitHub/project_tubii_7020/TrigWordDelay_1.0/TrigWordDelay_v1_0_project [current_project]
# synth_design -top TrigWordDelay_v1_0 -part xc7z020clg400-1
Command: synth_design -top TrigWordDelay_v1_0 -part xc7z020clg400-1

Starting synthesis...

Attempting to get a license for feature 'Synthesis' and/or device 'xc7z020'
WARNING: [Common 17-348] Failed to get the license for feature 'Synthesis' and/or device 'xc7z020'
0 Infos, 1 Warnings, 0 Critical Warnings and 0 Errors encountered.
synth_design failed
ERROR: [Common 17-345] A valid license was not found for feature 'Synthesis' and/or device 'xc7z020'. Please run the Xilinx License Configuration Manager for assistance in determining
which features and devices are licensed for your system.

    while executing
"synth_design -top TrigWordDelay_v1_0 -part xc7z020clg400-1"
    (file "TrigWordDelay_v1_0.tcl" line 40)
INFO: [Common 17-206] Exiting Vivado at Tue May 02 14:04:10 2017...
