
*** Running vivado
    with args -log oneshot_pulse_v1_0.vds -m64 -product Vivado -mode batch -messageDb vivado.pb -notrace -source oneshot_pulse_v1_0.tcl


****** Vivado v2018.2 (64-bit)
  **** SW Build 2258646 on Thu Jun 14 20:02:38 MDT 2018
  **** IP Build 2256618 on Thu Jun 14 22:10:49 MDT 2018
    ** Copyright 1986-2018 Xilinx, Inc. All Rights Reserved.

source oneshot_pulse_v1_0.tcl -notrace
create_project: Time (s): cpu = 00:00:03 ; elapsed = 00:00:07 . Memory (MB): peak = 1202.941 ; gain = 23.016 ; free physical = 121 ; free virtual = 9646
Command: synth_design -top oneshot_pulse_v1_0 -part xc7z020clg400-1
Starting synth_design
Attempting to get a license for feature 'Synthesis' and/or device 'xc7z020'
INFO: [Common 17-349] Got license for feature 'Synthesis' and/or device 'xc7z020'
INFO: Launching helper process for spawning children vivado processes
INFO: Helper process launched with PID 4597 
---------------------------------------------------------------------------------
Starting Synthesize : Time (s): cpu = 00:00:02 ; elapsed = 00:00:04 . Memory (MB): peak = 1301.395 ; gain = 85.852 ; free physical = 128 ; free virtual = 9540
---------------------------------------------------------------------------------
INFO: [Synth 8-638] synthesizing module 'oneshot_pulse_v1_0' [/home/zummo/snoplus/TUBii/project_tubii_7020/oneshot_pulse_1.0/hdl/oneshot_pulse_v1_0.vhd:51]
	Parameter C_S00_AXI_DATA_WIDTH bound to: 32 - type: integer 
	Parameter C_S00_AXI_ADDR_WIDTH bound to: 4 - type: integer 
	Parameter C_S_AXI_DATA_WIDTH bound to: 32 - type: integer 
	Parameter C_S_AXI_ADDR_WIDTH bound to: 4 - type: integer 
INFO: [Synth 8-3491] module 'oneshot_pulse_v1_0_S00_AXI' declared at '/home/zummo/snoplus/TUBii/project_tubii_7020/oneshot_pulse_1.0/hdl/oneshot_pulse_v1_0_S00_AXI.vhd:6' bound to instance 'oneshot_pulse_v1_0_S00_AXI_inst' of component 'oneshot_pulse_v1_0_S00_AXI' [/home/zummo/snoplus/TUBii/project_tubii_7020/oneshot_pulse_1.0/hdl/oneshot_pulse_v1_0.vhd:89]
INFO: [Synth 8-638] synthesizing module 'oneshot_pulse_v1_0_S00_AXI' [/home/zummo/snoplus/TUBii/project_tubii_7020/oneshot_pulse_1.0/hdl/oneshot_pulse_v1_0_S00_AXI.vhd:88]
	Parameter C_S_AXI_DATA_WIDTH bound to: 32 - type: integer 
	Parameter C_S_AXI_ADDR_WIDTH bound to: 4 - type: integer 
INFO: [Synth 8-226] default block is never used [/home/zummo/snoplus/TUBii/project_tubii_7020/oneshot_pulse_1.0/hdl/oneshot_pulse_v1_0_S00_AXI.vhd:242]
INFO: [Synth 8-226] default block is never used [/home/zummo/snoplus/TUBii/project_tubii_7020/oneshot_pulse_1.0/hdl/oneshot_pulse_v1_0_S00_AXI.vhd:375]
WARNING: [Synth 8-6014] Unused sequential element loc_addr_reg was removed.  [/home/zummo/snoplus/TUBii/project_tubii_7020/oneshot_pulse_1.0/hdl/oneshot_pulse_v1_0_S00_AXI.vhd:240]
INFO: [Synth 8-256] done synthesizing module 'oneshot_pulse_v1_0_S00_AXI' (1#1) [/home/zummo/snoplus/TUBii/project_tubii_7020/oneshot_pulse_1.0/hdl/oneshot_pulse_v1_0_S00_AXI.vhd:88]
INFO: [Synth 8-256] done synthesizing module 'oneshot_pulse_v1_0' (2#1) [/home/zummo/snoplus/TUBii/project_tubii_7020/oneshot_pulse_1.0/hdl/oneshot_pulse_v1_0.vhd:51]
WARNING: [Synth 8-3331] design oneshot_pulse_v1_0_S00_AXI has unconnected port S_AXI_AWPROT[2]
WARNING: [Synth 8-3331] design oneshot_pulse_v1_0_S00_AXI has unconnected port S_AXI_AWPROT[1]
WARNING: [Synth 8-3331] design oneshot_pulse_v1_0_S00_AXI has unconnected port S_AXI_AWPROT[0]
WARNING: [Synth 8-3331] design oneshot_pulse_v1_0_S00_AXI has unconnected port S_AXI_ARPROT[2]
WARNING: [Synth 8-3331] design oneshot_pulse_v1_0_S00_AXI has unconnected port S_AXI_ARPROT[1]
WARNING: [Synth 8-3331] design oneshot_pulse_v1_0_S00_AXI has unconnected port S_AXI_ARPROT[0]
---------------------------------------------------------------------------------
Finished Synthesize : Time (s): cpu = 00:00:04 ; elapsed = 00:00:06 . Memory (MB): peak = 1346.020 ; gain = 130.477 ; free physical = 192 ; free virtual = 9552
---------------------------------------------------------------------------------
---------------------------------------------------------------------------------
Finished Constraint Validation : Time (s): cpu = 00:00:04 ; elapsed = 00:00:06 . Memory (MB): peak = 1346.020 ; gain = 130.477 ; free physical = 191 ; free virtual = 9551
---------------------------------------------------------------------------------
---------------------------------------------------------------------------------
Start Loading Part and Timing Information
---------------------------------------------------------------------------------
Loading part: xc7z020clg400-1
---------------------------------------------------------------------------------
Finished Loading Part and Timing Information : Time (s): cpu = 00:00:04 ; elapsed = 00:00:06 . Memory (MB): peak = 1354.023 ; gain = 138.480 ; free physical = 191 ; free virtual = 9551
---------------------------------------------------------------------------------
INFO: [Device 21-403] Loading part xc7z020clg400-1
---------------------------------------------------------------------------------
Finished RTL Optimization Phase 2 : Time (s): cpu = 00:00:04 ; elapsed = 00:00:06 . Memory (MB): peak = 1362.031 ; gain = 146.488 ; free physical = 182 ; free virtual = 9543
---------------------------------------------------------------------------------

Report RTL Partitions: 
+-+--------------+------------+----------+
| |RTL Partition |Replication |Instances |
+-+--------------+------------+----------+
+-+--------------+------------+----------+
No constraint files found.
---------------------------------------------------------------------------------
Start RTL Component Statistics 
---------------------------------------------------------------------------------
Detailed RTL Component Info : 
+---Adders : 
	   2 Input     32 Bit       Adders := 1     
+---Registers : 
	               32 Bit    Registers := 5     
	                4 Bit    Registers := 2     
	                2 Bit    Registers := 2     
	                1 Bit    Registers := 6     
+---Muxes : 
	   2 Input     32 Bit        Muxes := 7     
	   4 Input     32 Bit        Muxes := 7     
	   2 Input      8 Bit        Muxes := 10    
	   2 Input      1 Bit        Muxes := 5     
---------------------------------------------------------------------------------
Finished RTL Component Statistics 
---------------------------------------------------------------------------------
---------------------------------------------------------------------------------
Start RTL Hierarchical Component Statistics 
---------------------------------------------------------------------------------
Hierarchical RTL Component report 
Module oneshot_pulse_v1_0_S00_AXI 
Detailed RTL Component Info : 
+---Adders : 
	   2 Input     32 Bit       Adders := 1     
+---Registers : 
	               32 Bit    Registers := 5     
	                4 Bit    Registers := 2     
	                2 Bit    Registers := 2     
	                1 Bit    Registers := 6     
+---Muxes : 
	   2 Input     32 Bit        Muxes := 7     
	   4 Input     32 Bit        Muxes := 7     
	   2 Input      8 Bit        Muxes := 10    
	   2 Input      1 Bit        Muxes := 5     
---------------------------------------------------------------------------------
Finished RTL Hierarchical Component Statistics
---------------------------------------------------------------------------------
---------------------------------------------------------------------------------
Start Part Resource Summary
---------------------------------------------------------------------------------
Part Resources:
DSPs: 220 (col length:60)
BRAMs: 280 (col length: RAMB18 60 RAMB36 30)
---------------------------------------------------------------------------------
Finished Part Resource Summary
---------------------------------------------------------------------------------
No constraint files found.
---------------------------------------------------------------------------------
Start Cross Boundary and Area Optimization
---------------------------------------------------------------------------------
Warning: Parallel synthesis criteria is not met 
WARNING: [Synth 8-3331] design oneshot_pulse_v1_0 has unconnected port s00_axi_awprot[2]
WARNING: [Synth 8-3331] design oneshot_pulse_v1_0 has unconnected port s00_axi_awprot[1]
WARNING: [Synth 8-3331] design oneshot_pulse_v1_0 has unconnected port s00_axi_awprot[0]
WARNING: [Synth 8-3331] design oneshot_pulse_v1_0 has unconnected port s00_axi_arprot[2]
WARNING: [Synth 8-3331] design oneshot_pulse_v1_0 has unconnected port s00_axi_arprot[1]
WARNING: [Synth 8-3331] design oneshot_pulse_v1_0 has unconnected port s00_axi_arprot[0]
INFO: [Synth 8-3886] merging instance 'oneshot_pulse_v1_0_S00_AXI_inst/axi_rresp_reg[0]' (FDRE) to 'oneshot_pulse_v1_0_S00_AXI_inst/axi_rresp_reg[1]'
INFO: [Synth 8-3333] propagating constant 0 across sequential element (\oneshot_pulse_v1_0_S00_AXI_inst/axi_rresp_reg[1] )
INFO: [Synth 8-3886] merging instance 'oneshot_pulse_v1_0_S00_AXI_inst/axi_bresp_reg[0]' (FDRE) to 'oneshot_pulse_v1_0_S00_AXI_inst/axi_bresp_reg[1]'
INFO: [Synth 8-3333] propagating constant 0 across sequential element (\oneshot_pulse_v1_0_S00_AXI_inst/axi_bresp_reg[1] )
WARNING: [Synth 8-3332] Sequential element (oneshot_pulse_v1_0_S00_AXI_inst/axi_awaddr_reg[1]) is unused and will be removed from module oneshot_pulse_v1_0.
WARNING: [Synth 8-3332] Sequential element (oneshot_pulse_v1_0_S00_AXI_inst/axi_awaddr_reg[0]) is unused and will be removed from module oneshot_pulse_v1_0.
WARNING: [Synth 8-3332] Sequential element (oneshot_pulse_v1_0_S00_AXI_inst/axi_bresp_reg[1]) is unused and will be removed from module oneshot_pulse_v1_0.
WARNING: [Synth 8-3332] Sequential element (oneshot_pulse_v1_0_S00_AXI_inst/axi_araddr_reg[1]) is unused and will be removed from module oneshot_pulse_v1_0.
WARNING: [Synth 8-3332] Sequential element (oneshot_pulse_v1_0_S00_AXI_inst/axi_araddr_reg[0]) is unused and will be removed from module oneshot_pulse_v1_0.
WARNING: [Synth 8-3332] Sequential element (oneshot_pulse_v1_0_S00_AXI_inst/axi_rresp_reg[1]) is unused and will be removed from module oneshot_pulse_v1_0.
---------------------------------------------------------------------------------
Finished Cross Boundary and Area Optimization : Time (s): cpu = 00:00:14 ; elapsed = 00:00:38 . Memory (MB): peak = 1509.047 ; gain = 293.504 ; free physical = 142 ; free virtual = 9366
---------------------------------------------------------------------------------

Report RTL Partitions: 
+-+--------------+------------+----------+
| |RTL Partition |Replication |Instances |
+-+--------------+------------+----------+
+-+--------------+------------+----------+
No constraint files found.
---------------------------------------------------------------------------------
Start Timing Optimization
---------------------------------------------------------------------------------
---------------------------------------------------------------------------------
Finished Timing Optimization : Time (s): cpu = 00:00:14 ; elapsed = 00:00:38 . Memory (MB): peak = 1509.047 ; gain = 293.504 ; free physical = 141 ; free virtual = 9365
---------------------------------------------------------------------------------

Report RTL Partitions: 
+-+--------------+------------+----------+
| |RTL Partition |Replication |Instances |
+-+--------------+------------+----------+
+-+--------------+------------+----------+
---------------------------------------------------------------------------------
Start Technology Mapping
---------------------------------------------------------------------------------
---------------------------------------------------------------------------------
Finished Technology Mapping : Time (s): cpu = 00:00:15 ; elapsed = 00:00:38 . Memory (MB): peak = 1510.055 ; gain = 294.512 ; free physical = 140 ; free virtual = 9364
---------------------------------------------------------------------------------

Report RTL Partitions: 
+-+--------------+------------+----------+
| |RTL Partition |Replication |Instances |
+-+--------------+------------+----------+
+-+--------------+------------+----------+
---------------------------------------------------------------------------------
Start IO Insertion
---------------------------------------------------------------------------------
---------------------------------------------------------------------------------
Start Flattening Before IO Insertion
---------------------------------------------------------------------------------
---------------------------------------------------------------------------------
Finished Flattening Before IO Insertion
---------------------------------------------------------------------------------
---------------------------------------------------------------------------------
Start Final Netlist Cleanup
---------------------------------------------------------------------------------
---------------------------------------------------------------------------------
Finished Final Netlist Cleanup
---------------------------------------------------------------------------------
---------------------------------------------------------------------------------
Finished IO Insertion : Time (s): cpu = 00:00:15 ; elapsed = 00:00:39 . Memory (MB): peak = 1510.055 ; gain = 294.512 ; free physical = 142 ; free virtual = 9367
---------------------------------------------------------------------------------

Report Check Netlist: 
+------+------------------+-------+---------+-------+------------------+
|      |Item              |Errors |Warnings |Status |Description       |
+------+------------------+-------+---------+-------+------------------+
|1     |multi_driven_nets |      0|        0|Passed |Multi driven nets |
+------+------------------+-------+---------+-------+------------------+
---------------------------------------------------------------------------------
Start Renaming Generated Instances
---------------------------------------------------------------------------------
---------------------------------------------------------------------------------
Finished Renaming Generated Instances : Time (s): cpu = 00:00:15 ; elapsed = 00:00:39 . Memory (MB): peak = 1510.055 ; gain = 294.512 ; free physical = 142 ; free virtual = 9367
---------------------------------------------------------------------------------

Report RTL Partitions: 
+-+--------------+------------+----------+
| |RTL Partition |Replication |Instances |
+-+--------------+------------+----------+
+-+--------------+------------+----------+
---------------------------------------------------------------------------------
Start Rebuilding User Hierarchy
---------------------------------------------------------------------------------
---------------------------------------------------------------------------------
Finished Rebuilding User Hierarchy : Time (s): cpu = 00:00:15 ; elapsed = 00:00:39 . Memory (MB): peak = 1510.055 ; gain = 294.512 ; free physical = 142 ; free virtual = 9367
---------------------------------------------------------------------------------
---------------------------------------------------------------------------------
Start Renaming Generated Ports
---------------------------------------------------------------------------------
---------------------------------------------------------------------------------
Finished Renaming Generated Ports : Time (s): cpu = 00:00:15 ; elapsed = 00:00:39 . Memory (MB): peak = 1510.055 ; gain = 294.512 ; free physical = 142 ; free virtual = 9367
---------------------------------------------------------------------------------
---------------------------------------------------------------------------------
Start Handling Custom Attributes
---------------------------------------------------------------------------------
---------------------------------------------------------------------------------
Finished Handling Custom Attributes : Time (s): cpu = 00:00:15 ; elapsed = 00:00:39 . Memory (MB): peak = 1510.055 ; gain = 294.512 ; free physical = 142 ; free virtual = 9367
---------------------------------------------------------------------------------
---------------------------------------------------------------------------------
Start Renaming Generated Nets
---------------------------------------------------------------------------------
---------------------------------------------------------------------------------
Finished Renaming Generated Nets : Time (s): cpu = 00:00:15 ; elapsed = 00:00:39 . Memory (MB): peak = 1510.055 ; gain = 294.512 ; free physical = 142 ; free virtual = 9367
---------------------------------------------------------------------------------
---------------------------------------------------------------------------------
Start Writing Synthesis Report
---------------------------------------------------------------------------------

Report BlackBoxes: 
+-+--------------+----------+
| |BlackBox name |Instances |
+-+--------------+----------+
+-+--------------+----------+

Report Cell Usage: 
+------+-------+------+
|      |Cell   |Count |
+------+-------+------+
|1     |BUFG   |     1|
|2     |CARRY4 |    16|
|3     |LUT1   |     1|
|4     |LUT2   |     1|
|5     |LUT3   |    15|
|6     |LUT4   |    69|
|7     |LUT5   |    35|
|8     |LUT6   |    34|
|9     |FDRE   |   168|
|10    |FDSE   |     2|
|11    |IBUF   |    48|
|12    |OBUF   |    42|
+------+-------+------+

Report Instance Areas: 
+------+----------------------------------+---------------------------+------+
|      |Instance                          |Module                     |Cells |
+------+----------------------------------+---------------------------+------+
|1     |top                               |                           |   432|
|2     |  oneshot_pulse_v1_0_S00_AXI_inst |oneshot_pulse_v1_0_S00_AXI |   341|
+------+----------------------------------+---------------------------+------+
---------------------------------------------------------------------------------
Finished Writing Synthesis Report : Time (s): cpu = 00:00:15 ; elapsed = 00:00:39 . Memory (MB): peak = 1510.055 ; gain = 294.512 ; free physical = 142 ; free virtual = 9367
---------------------------------------------------------------------------------
Synthesis finished with 0 errors, 0 critical warnings and 19 warnings.
Synthesis Optimization Runtime : Time (s): cpu = 00:00:15 ; elapsed = 00:00:39 . Memory (MB): peak = 1510.055 ; gain = 294.512 ; free physical = 143 ; free virtual = 9368
Synthesis Optimization Complete : Time (s): cpu = 00:00:15 ; elapsed = 00:00:39 . Memory (MB): peak = 1510.062 ; gain = 294.512 ; free physical = 143 ; free virtual = 9368
INFO: [Project 1-571] Translating synthesized netlist
INFO: [Netlist 29-17] Analyzing 64 Unisim elements for replacement
INFO: [Netlist 29-28] Unisim Transformation completed in 0 CPU seconds
INFO: [Project 1-570] Preparing netlist for logic optimization
INFO: [Opt 31-138] Pushed 0 inverter(s) to 0 load pin(s).
INFO: [Project 1-111] Unisim Transformation Summary:
No Unisim elements were transformed.

INFO: [Common 17-83] Releasing license: Synthesis
20 Infos, 19 Warnings, 0 Critical Warnings and 0 Errors encountered.
synth_design completed successfully
synth_design: Time (s): cpu = 00:00:20 ; elapsed = 00:00:46 . Memory (MB): peak = 1616.211 ; gain = 413.270 ; free physical = 176 ; free virtual = 9341
WARNING: [Constraints 18-5210] No constraint will be written out.
INFO: [Common 17-1381] The checkpoint '/home/zummo/snoplus/TUBii/project_tubii_7020/project_tubii_7020.tmp/oneshot_pulse_v1_0_project/oneshot_pulse_v1_0_project.runs/synth_1/oneshot_pulse_v1_0.dcp' has been generated.
INFO: [runtcl-4] Executing : report_utilization -file oneshot_pulse_v1_0_utilization_synth.rpt -pb oneshot_pulse_v1_0_utilization_synth.pb
report_utilization: Time (s): cpu = 00:00:00.24 ; elapsed = 00:00:00.64 . Memory (MB): peak = 1640.223 ; gain = 0.000 ; free physical = 173 ; free virtual = 9342
INFO: [Common 17-206] Exiting Vivado at Wed May 15 11:37:45 2019...
