Copyright 1986-1999, 2001-2013 Xilinx, Inc. All Rights Reserved.
--------------------------------------------------------------------------------------------
| Tool Version : Vivado v.2013.4 (win64) Build 353583 Mon Dec  9 17:49:19 MST 2013
| Date         : Mon Oct 03 13:20:58 2016
| Host         : Ian-Penn running 64-bit Service Pack 1  (build 7601)
| Command      : report_clock_utilization -file system_wrapper_clock_utilization_placed.rpt
| Design       : system_wrapper
| Device       : xc7z020
--------------------------------------------------------------------------------------------

Clock Utilization Report

Table of Contents
-----------------
1. Clock Primitive Utilization
2. Details of Global Clocks
3. Details of Regional Clocks
4. Details of Multi-Regional Clocks
5. Details of I/O Clocks
6. Details of Local Clocks
7. Clock Regions : Key Resource Utilization
8. Net wise resources used in clock region X0Y0
9. Net wise resources used in clock region X1Y0
10. Net wise resources used in clock region X0Y1
11. Net wise resources used in clock region X1Y1
12. Net wise resources used in clock region X0Y2
13. Net wise resources used in clock region X1Y2

1. Clock Primitive Utilization
------------------------------

+-------+------+-----------+------------+
| Type  | Used | Available | Num Locked |
+-------+------+-----------+------------+
| BUFG  |    2 |        32 |          0 |
| BUFH  |    0 |        72 |          0 |
| BUFIO |    0 |        16 |          0 |
| MMCM  |    0 |         4 |          0 |
| BUFR  |    0 |        16 |          0 |
| BUFMR |    0 |         8 |          0 |
+-------+------+-----------+------------+


2. Details of Global Clocks
---------------------------

+-------+--------------------------------------------------------------------+--------------------------------------------+--------------+--------+---------------+-----------+
|       |                                                                    |                                            |   Num Loads  |        |               |           |
+-------+--------------------------------------------------------------------+--------------------------------------------+------+-------+--------+---------------+-----------+
| Index | BUFG Cell                                                          | Net Name                                   | BELs | Sites | Locked | MaxDelay (ns) | Skew (ns) |
+-------+--------------------------------------------------------------------+--------------------------------------------+------+-------+--------+---------------+-----------+
|     1 | Clk_in_IBUF_BUFG_inst                                              | Clk_in_IBUF_BUFG                           | 2536 |   767 |     no |         2.060 |     0.422 |
|     2 | system_i/processing_system7_0/U0/buffer_fclk_clk_0.FCLK_CLK_0_BUFG | system_i/processing_system7_0/U0/FCLK_CLK0 | 9480 |  3374 |     no |         2.213 |     0.621 |
+-------+--------------------------------------------------------------------+--------------------------------------------+------+-------+--------+---------------+-----------+


3. Details of Regional Clocks
-----------------------------

4. Details of Multi-Regional Clocks
-----------------------------------

5. Details of I/O Clocks
------------------------

6. Details of Local Clocks
--------------------------

+-------+--------------------------------------------------------------------+-----------------------------------+--------------+--------+---------------+-----------+
|       |                                                                    |                                   |   Num Loads  |        |               |           |
+-------+--------------------------------------------------------------------+-----------------------------------+------+-------+--------+---------------+-----------+
| Index | Local Clk Src                                                      | Net Name                          | BELs | Sites | Locked | MaxDelay (ns) | Skew (ns) |
+-------+--------------------------------------------------------------------+-----------------------------------+------+-------+--------+---------------+-----------+
|     1 | system_i/fifo_readout_0/U0/fifo_readout_v1_0_S00_AXI_inst/READ_reg | system_i/fifo_readout_0/read      |  195 |   114 |     no |         3.497 |     2.579 |
|     2 | system_i/util_reduced_logic_1/Res_INST_0                           | system_i/util_reduced_logic_1/Res |  634 |   190 |     no |         1.794 |     1.051 |
|     3 | system_i/triggers_0/U0/triggers_v2_0_S00_AXI_inst/GTRIGout_reg     | system_i/triggers_0/gtrigout      |  670 |   212 |     no |         4.078 |     3.173 |
+-------+--------------------------------------------------------------------+-----------------------------------+------+-------+--------+---------------+-----------+


7. Clock Regions : Key Resource Utilization
-------------------------------------------

+-------------------+--------------+--------------+--------------+--------------+--------------+--------------+--------------+--------------+--------------+--------------+--------------+--------------+--------------+--------------+--------------+
|                   | Global Clock |     BUFRs    |    BUFMRs    |    BUFIOs    |     MMCM     |      PLL     |      GT      |      PCI     |    ILOGIC    |    OLOGIC    |      FF      |     LUTM     |    RAMB18    |    RAMB36    |    DSP48E1   |
+-------------------+------+-------+------+-------+------+-------+------+-------+------+-------+------+-------+------+-------+------+-------+------+-------+------+-------+------+-------+------+-------+------+-------+------+-------+------+-------+
| Clock Region Name | Used | Avail | Used | Avail | Used | Avail | Used | Avail | Used | Avail | Used | Avail | Used | Avail | Used | Avail | Used | Avail | Used | Avail | Used | Avail | Used | Avail | Used | Avail | Used | Avail | Used | Avail |
+-------------------+------+-------+------+-------+------+-------+------+-------+------+-------+------+-------+------+-------+------+-------+------+-------+------+-------+------+-------+------+-------+------+-------+------+-------+------+-------+
| X0Y0              |    2 |    12 |    0 |     4 |    0 |     2 |    0 |     4 |    0 |     1 |    0 |     1 |    0 |     0 |    0 |     0 |    0 |    50 |    0 |    50 |  443 | 20000 |   72 |  4000 |    0 |   120 |    3 |    30 |    0 |    60 |
| X1Y0              |    2 |    12 |    0 |     4 |    0 |     2 |    0 |     4 |    0 |     1 |    0 |     1 |    0 |     0 |    0 |     0 |    0 |    50 |    0 |    50 |  118 | 25600 |    0 |  3400 |    0 |   120 |    6 |    30 |    0 |    40 |
| X0Y1              |    2 |    12 |    0 |     0 |    0 |     0 |    0 |     0 |    0 |     0 |    0 |     0 |    0 |     0 |    0 |     0 |    0 |     0 |    0 |     0 | 2813 |  9600 |  541 |  1600 |    0 |    40 |   10 |    10 |    0 |    20 |
| X1Y1              |    2 |    12 |    0 |     4 |    0 |     2 |    0 |     4 |    0 |     1 |    0 |     1 |    0 |     0 |    0 |     0 |    0 |    50 |    0 |    50 | 3282 | 20800 |  416 |  3400 |    0 |   120 |   27 |    30 |    0 |    40 |
| X0Y2              |    2 |    12 |    0 |     0 |    0 |     0 |    0 |     0 |    0 |     0 |    0 |     0 |    0 |     0 |    0 |     0 |    0 |     0 |    0 |     0 | 2467 |  9600 |  164 |  1600 |    0 |    36 |   10 |     9 |    0 |    20 |
| X1Y2              |    2 |    12 |    0 |     4 |    0 |     2 |    0 |     4 |    0 |     1 |    0 |     1 |    0 |     0 |    0 |     0 |    0 |    50 |    0 |    50 | 2958 | 20800 |   52 |  3400 |    0 |   108 |   30 |    27 |    0 |    40 |
+-------------------+------+-------+------+-------+------+-------+------+-------+------+-------+------+-------+------+-------+------+-------+------+-------+------+-------+------+-------+------+-------+------+-------+------+-------+------+-------+
* RAMB36 site can be used as two RAMB18/FIFO18 sites


8. Net wise resources used in clock region X0Y0
-----------------------------------------------

+-------------+--------+-----------+---------+-----------+---------+---------+-----+-------+----------+------+--------------------------------------------+
| Source Type | Locked | MMCM Pins | GT Pins | BRAM Pins | ILOGICs | OLOGICs | FFs | LUTMs | DSP48E1s | PLLs |                             Clock Net Name |
+-------------+--------+-----------+---------+-----------+---------+---------+-----+-------+----------+------+--------------------------------------------+
| BUFG        |   no   |         0 |       0 |         3 |       0 |       0 |  58 |    72 |        0 |    0 | system_i/processing_system7_0/U0/FCLK_CLK0 |
| BUFG        |   no   |         0 |       0 |         0 |       0 |       0 | 385 |     0 |        0 |    0 | Clk_in_IBUF_BUFG                           |
+-------------+--------+-----------+---------+-----------+---------+---------+-----+-------+----------+------+--------------------------------------------+


9. Net wise resources used in clock region X1Y0
-----------------------------------------------

+-------------+--------+-----------+---------+-----------+---------+---------+-----+-------+----------+------+--------------------------------------------+
| Source Type | Locked | MMCM Pins | GT Pins | BRAM Pins | ILOGICs | OLOGICs | FFs | LUTMs | DSP48E1s | PLLs |                             Clock Net Name |
+-------------+--------+-----------+---------+-----------+---------+---------+-----+-------+----------+------+--------------------------------------------+
| BUFG        |   no   |         0 |       0 |         0 |       0 |       0 |  46 |     0 |        0 |    0 | Clk_in_IBUF_BUFG                           |
| BUFG        |   no   |         0 |       0 |         6 |       0 |       0 |  72 |     0 |        0 |    0 | system_i/processing_system7_0/U0/FCLK_CLK0 |
+-------------+--------+-----------+---------+-----------+---------+---------+-----+-------+----------+------+--------------------------------------------+


10. Net wise resources used in clock region X0Y1
------------------------------------------------

+-------------+--------+-----------+---------+-----------+---------+---------+------+-------+----------+------+--------------------------------------------+
| Source Type | Locked | MMCM Pins | GT Pins | BRAM Pins | ILOGICs | OLOGICs |  FFs | LUTMs | DSP48E1s | PLLs |                             Clock Net Name |
+-------------+--------+-----------+---------+-----------+---------+---------+------+-------+----------+------+--------------------------------------------+
| BUFG        |   no   |         0 |       0 |         0 |       0 |       0 | 1040 |   144 |        0 |    0 | Clk_in_IBUF_BUFG                           |
| BUFG        |   no   |         0 |       0 |        10 |       0 |       0 | 1773 |   397 |        0 |    0 | system_i/processing_system7_0/U0/FCLK_CLK0 |
+-------------+--------+-----------+---------+-----------+---------+---------+------+-------+----------+------+--------------------------------------------+


11. Net wise resources used in clock region X1Y1
------------------------------------------------

+-------------+--------+-----------+---------+-----------+---------+---------+------+-------+----------+------+--------------------------------------------+
| Source Type | Locked | MMCM Pins | GT Pins | BRAM Pins | ILOGICs | OLOGICs |  FFs | LUTMs | DSP48E1s | PLLs |                             Clock Net Name |
+-------------+--------+-----------+---------+-----------+---------+---------+------+-------+----------+------+--------------------------------------------+
| BUFG        |   no   |         0 |       0 |         0 |       0 |       0 |  605 |    48 |        0 |    0 | Clk_in_IBUF_BUFG                           |
| BUFG        |   no   |         0 |       0 |        27 |       0 |       0 | 2144 |   320 |        0 |    0 | system_i/processing_system7_0/U0/FCLK_CLK0 |
+-------------+--------+-----------+---------+-----------+---------+---------+------+-------+----------+------+--------------------------------------------+


12. Net wise resources used in clock region X0Y2
------------------------------------------------

+-------------+--------+-----------+---------+-----------+---------+---------+------+-------+----------+------+--------------------------------------------+
| Source Type | Locked | MMCM Pins | GT Pins | BRAM Pins | ILOGICs | OLOGICs |  FFs | LUTMs | DSP48E1s | PLLs |                             Clock Net Name |
+-------------+--------+-----------+---------+-----------+---------+---------+------+-------+----------+------+--------------------------------------------+
| BUFG        |   no   |         0 |       0 |         0 |       0 |       0 |  212 |    12 |        0 |    0 | Clk_in_IBUF_BUFG                           |
| BUFG        |   no   |         0 |       0 |        10 |       0 |       0 | 1666 |   144 |        0 |    0 | system_i/processing_system7_0/U0/FCLK_CLK0 |
+-------------+--------+-----------+---------+-----------+---------+---------+------+-------+----------+------+--------------------------------------------+


13. Net wise resources used in clock region X1Y2
------------------------------------------------

+-------------+--------+-----------+---------+-----------+---------+---------+------+-------+----------+------+--------------------------------------------+
| Source Type | Locked | MMCM Pins | GT Pins | BRAM Pins | ILOGICs | OLOGICs |  FFs | LUTMs | DSP48E1s | PLLs |                             Clock Net Name |
+-------------+--------+-----------+---------+-----------+---------+---------+------+-------+----------+------+--------------------------------------------+
| BUFG        |   no   |         0 |       0 |         0 |       0 |       0 |   40 |     4 |        0 |    0 | Clk_in_IBUF_BUFG                           |
| BUFG        |   no   |         0 |       0 |        30 |       0 |       0 | 2746 |     0 |        0 |    0 | system_i/processing_system7_0/U0/FCLK_CLK0 |
+-------------+--------+-----------+---------+-----------+---------+---------+------+-------+----------+------+--------------------------------------------+



# Location of BUFG Primitives 
set_property LOC BUFGCTRL_X0Y17 [get_cells Clk_in_IBUF_BUFG_inst]
set_property LOC BUFGCTRL_X0Y16 [get_cells system_i/processing_system7_0/U0/buffer_fclk_clk_0.FCLK_CLK_0_BUFG]

# Location of IO Clock Primitives

# Location of MMCM Clock Primitives

# Location of BUFH Clock Primitives

# Location of BUFR Clock Primitives

# Location of BUFMR Clock Primitives

# Location of PLL Clock Primitives

# Location of IO Primitives which is load of clock spine
set_property LOC IOB_X1Y75 [get_cells Outtt_OBUF_inst]

# Location of clock ports
set_property LOC IOB_X1Y78 [get_ports Clk_in]

# Clock net "Clk_in_IBUF_BUFG" driven by instance "Clk_in_IBUF_BUFG_inst" located at site "BUFGCTRL_X0Y17"
#startgroup
create_pblock CLKAG_Clk_in_IBUF_BUFG
add_cells_to_pblock [get_pblocks  CLKAG_Clk_in_IBUF_BUFG] [get_cells  -filter { IS_PRIMITIVE==1 && PRIMITIVE_LEVEL !=INTERNAL } -of_object [get_pins -filter {DIRECTION==IN} -of_objects [get_nets -hierarchical -filter {PARENT=="Clk_in_IBUF_BUFG"}]]]
resize_pblock [get_pblocks CLKAG_Clk_in_IBUF_BUFG] -add {CLOCKREGION_X0Y0:CLOCKREGION_X0Y0 CLOCKREGION_X0Y1:CLOCKREGION_X0Y1 CLOCKREGION_X0Y2:CLOCKREGION_X0Y2 CLOCKREGION_X1Y0:CLOCKREGION_X1Y0 CLOCKREGION_X1Y1:CLOCKREGION_X1Y1 CLOCKREGION_X1Y2:CLOCKREGION_X1Y2}
#endgroup

# Clock net "system_i/processing_system7_0/U0/FCLK_CLK0" driven by instance "system_i/processing_system7_0/U0/buffer_fclk_clk_0.FCLK_CLK_0_BUFG" located at site "BUFGCTRL_X0Y16"
#startgroup
create_pblock CLKAG_system_i/processing_system7_0/U0/FCLK_CLK0
add_cells_to_pblock [get_pblocks  CLKAG_system_i/processing_system7_0/U0/FCLK_CLK0] [get_cells  -filter { IS_PRIMITIVE==1 && PRIMITIVE_LEVEL !=INTERNAL } -of_object [get_pins -filter {DIRECTION==IN} -of_objects [get_nets -hierarchical -filter {PARENT=="system_i/processing_system7_0/U0/FCLK_CLK0"}]]]
resize_pblock [get_pblocks CLKAG_system_i/processing_system7_0/U0/FCLK_CLK0] -add {CLOCKREGION_X0Y0:CLOCKREGION_X0Y0 CLOCKREGION_X0Y1:CLOCKREGION_X0Y1 CLOCKREGION_X0Y2:CLOCKREGION_X0Y2 CLOCKREGION_X1Y0:CLOCKREGION_X1Y0 CLOCKREGION_X1Y1:CLOCKREGION_X1Y1 CLOCKREGION_X1Y2:CLOCKREGION_X1Y2}
#endgroup

# Clock net "system_i/triggers_0/gtrigout" driven by instance "system_i/triggers_0/U0/triggers_v2_0_S00_AXI_inst/GTRIGout_reg" located at site "SLICE_X54Y124"
#startgroup
create_pblock CLKAG_system_i/triggers_0/gtrigout
add_cells_to_pblock [get_pblocks  CLKAG_system_i/triggers_0/gtrigout] [get_cells  -filter { IS_PRIMITIVE==1 && PRIMITIVE_LEVEL !=INTERNAL && NAME!=Outtt_OBUF_inst} -of_object [get_pins -filter {DIRECTION==IN} -of_objects [get_nets -hierarchical -filter {PARENT=="system_i/triggers_0/gtrigout"}]]]
resize_pblock [get_pblocks CLKAG_system_i/triggers_0/gtrigout] -add {CLOCKREGION_X0Y2:CLOCKREGION_X0Y2 CLOCKREGION_X1Y1:CLOCKREGION_X1Y1 CLOCKREGION_X1Y2:CLOCKREGION_X1Y2}
#endgroup

# Clock net "system_i/util_reduced_logic_1/Res" driven by instance "system_i/util_reduced_logic_1/Res_INST_0" located at site "SLICE_X35Y135"
#startgroup
create_pblock CLKAG_system_i/util_reduced_logic_1/Res
add_cells_to_pblock [get_pblocks  CLKAG_system_i/util_reduced_logic_1/Res] [get_cells  -filter { IS_PRIMITIVE==1 && PRIMITIVE_LEVEL !=INTERNAL } -of_object [get_pins -filter {DIRECTION==IN} -of_objects [get_nets -hierarchical -filter {PARENT=="system_i/util_reduced_logic_1/Res"}]]]
resize_pblock [get_pblocks CLKAG_system_i/util_reduced_logic_1/Res] -add {CLOCKREGION_X0Y2:CLOCKREGION_X0Y2 CLOCKREGION_X1Y2:CLOCKREGION_X1Y2}
#endgroup

# Clock net "system_i/fifo_readout_0/read" driven by instance "system_i/fifo_readout_0/U0/fifo_readout_v1_0_S00_AXI_inst/READ_reg" located at site "SLICE_X41Y112"
#startgroup
create_pblock CLKAG_system_i/fifo_readout_0/read
add_cells_to_pblock [get_pblocks  CLKAG_system_i/fifo_readout_0/read] [get_cells  -filter { IS_PRIMITIVE==1 && PRIMITIVE_LEVEL !=INTERNAL } -of_object [get_pins -filter {DIRECTION==IN} -of_objects [get_nets -hierarchical -filter {PARENT=="system_i/fifo_readout_0/read"}]]]
resize_pblock [get_pblocks CLKAG_system_i/fifo_readout_0/read] -add {CLOCKREGION_X0Y0:CLOCKREGION_X0Y0 CLOCKREGION_X0Y1:CLOCKREGION_X0Y1 CLOCKREGION_X0Y2:CLOCKREGION_X0Y2 CLOCKREGION_X1Y0:CLOCKREGION_X1Y0 CLOCKREGION_X1Y1:CLOCKREGION_X1Y1 CLOCKREGION_X1Y2:CLOCKREGION_X1Y2}
#endgroup
