Copyright 1986-1999, 2001-2013 Xilinx, Inc. All Rights Reserved.
----------------------------------------------------------------------------------------------------------------------------------
| Tool Version : Vivado v.2013.4 (win64) Build 353583 Mon Dec  9 17:49:19 MST 2013
| Date         : Fri Feb 05 15:20:52 2016
| Host         : Ian-Penn running 64-bit Service Pack 1  (build 7601)
| Command      : report_timing_summary -file system_wrapper_timing_summary_routed.rpt -pb system_wrapper_timing_summary_routed.pb
| Design       : system_wrapper
| Device       : 7z020-clg400
| Speed File   : -1  PRODUCTION 1.09 2013-11-22
----------------------------------------------------------------------------------------------------------------------------------

Timing Summary Report

------------------------------------------------------------------------------------------------
| Timer Settings
| --------------
------------------------------------------------------------------------------------------------

  Enable Multi Corner Analysis               :  Yes
  Enable Pessimism Removal                   :  Yes
  Pessimism Removal Resolution               :  Nearest Common Node
  Enable Input Delay Default Clock           :  No
  Enable Preset / Clear Arcs                 :  No
  Disable Flight Delays                      :  No

  Corner  Analyze    Analyze    
  Name    Max Paths  Min Paths  
  ------  ---------  ---------  
  Slow    Yes        Yes        
  Fast    Yes        Yes        


------------------------------------------------------------------------------------------------
| Check Timing
| ------------
------------------------------------------------------------------------------------------------


Checking 'no_clock'.
 There are 2536 register/latch pins with no clock driven by: Clk_in_IBUF_BUFG_inst/O and possible clock pin by: Clk_in 
 There are 70 register/latch pins with no clock driven by: system_i/fifo_readout_0/U0/fifo_readout_v1_0_S00_AXI_inst/READ_reg/Q and possible clock pin by: system_i/fifo_readout_0/U0/fifo_readout_v1_0_S00_AXI_inst/READ_reg/Q 
 There are 83 register/latch pins with no clock driven by: system_i/triggerOut_0/U0/triggerOut_v1_0_S00_AXI_inst/GTRIGout_reg/Q and possible clock pin by: system_i/triggerOut_0/U0/triggerOut_v1_0_S00_AXI_inst/GTRIGout_reg/Q 
 There are 0 register/latch pins with constant_clock.

Checking 'unconstrained_internal_endpoints'.
 There are 5176 pins that are not constrained for maximum delay.
 There are 0 pins that are not constrained for maximum delay due to constant clock.

Checking 'no_input_delay'.
 There are 25 input ports with no input delay specified.

Checking 'no_output_delay'.
 There are 27 ports with no output delay specified.

Checking 'multiple_clock'.
 There are 0 register/latch pins with related clocks.
 There are 0 register/latch pins with exclusive clocks.

Checking 'generated_clocks'.
 There are 0 generated clocks that are not connected to a clock source.

Checking 'loops'.
 There are 0 combinational loops in the design.

Checking 'partial_input_delay'.
 There are 0 input ports with partial input delay specified.

Checking 'partial_output_delay'.
 There are 0 ports with partial output delay specified.

Checking 'unexpandable_clocks'.
 There are 0 related clock pairs.
 There are 0 User Ignored clock pairs.

Checking 'latch_loops'.
 There are 0 combinational latch loops in the design through latch input

------------------------------------------------------------------------------------------------
| Design Timing Summary
| ---------------------
------------------------------------------------------------------------------------------------

    WNS(ns)      TNS(ns)  TNS Failing Endpoints  TNS Total Endpoints      WHS(ns)      THS(ns)  THS Failing Endpoints  THS Total Endpoints     WPWS(ns)     TPWS(ns)  TPWS Failing Endpoints  TPWS Total Endpoints  
    -------      -------  ---------------------  -------------------      -------      -------  ---------------------  -------------------     --------     --------  ----------------------  --------------------  
      0.458        0.000                      0                11326        0.039        0.000                      0                10822        3.750        0.000                       0                  5712  


All user specified timing constraints are met.


------------------------------------------------------------------------------------------------
| Clock Summary
| -------------
------------------------------------------------------------------------------------------------

Clock       Waveform(ns)       Period(ns)      Frequency(MHz)
-----       ------------       ----------      --------------
clk_fpga_0  {0.000 5.000}      10.000          100.000         


------------------------------------------------------------------------------------------------
| Intra Clock Table
| -----------------
------------------------------------------------------------------------------------------------

Clock             WNS(ns)      TNS(ns)  TNS Failing Endpoints  TNS Total Endpoints      WHS(ns)      THS(ns)  THS Failing Endpoints  THS Total Endpoints     WPWS(ns)     TPWS(ns)  TPWS Failing Endpoints  TPWS Total Endpoints  
-----             -------      -------  ---------------------  -------------------      -------      -------  ---------------------  -------------------     --------     --------  ----------------------  --------------------  
clk_fpga_0          0.458        0.000                      0                10102        0.039        0.000                      0                10102        3.750        0.000                       0                  5712  


------------------------------------------------------------------------------------------------
| Inter Clock Table
| -----------------
------------------------------------------------------------------------------------------------

From Clock    To Clock          WNS(ns)      TNS(ns)  TNS Failing Endpoints  TNS Total Endpoints      WHS(ns)      THS(ns)  THS Failing Endpoints  THS Total Endpoints  
----------    --------          -------      -------  ---------------------  -------------------      -------      -------  ---------------------  -------------------  


------------------------------------------------------------------------------------------------
| Other Path Groups Table
| -----------------------
------------------------------------------------------------------------------------------------

Path Group         From Clock         To Clock               WNS(ns)      TNS(ns)  TNS Failing Endpoints  TNS Total Endpoints      WHS(ns)      THS(ns)  THS Failing Endpoints  THS Total Endpoints  
----------         ----------         --------               -------      -------  ---------------------  -------------------      -------      -------  ---------------------  -------------------  
**async_default**  clk_fpga_0         clk_fpga_0               4.552        0.000                      0                  720        0.332        0.000                      0                  720  
**default**        clk_fpga_0                                  7.103        0.000                      0                  504                                                                        


------------------------------------------------------------------------------------------------
| Timing Details
| --------------
------------------------------------------------------------------------------------------------


---------------------------------------------------------------------------------------------------
From Clock:  clk_fpga_0
  To Clock:  clk_fpga_0

Setup :            0  Failing Endpoints,  Worst Slack        0.458ns,  Total Violation        0.000ns
Hold  :            0  Failing Endpoints,  Worst Slack        0.039ns,  Total Violation        0.000ns
PW    :            0  Failing Endpoints,  Worst Slack        3.750ns,  Total Violation        0.000ns
---------------------------------------------------------------------------------------------------


Max Delay Paths
--------------------------------------------------------------------------------------
Slack (MET) :             0.458ns  (required time - arrival time)
  Source:                 system_i/processing_system7_0/U0/PS7_i/MAXIGP0ACLK
                            (rising edge-triggered cell PS7 clocked by clk_fpga_0  {rise@0.000ns fall@5.000ns period=10.000ns})
  Destination:            system_i/triggerSplit_0/U0/triggerSplit_v1_0_S00_AXI_inst/slv_reg0_reg[31]/D
                            (rising edge-triggered cell FDRE clocked by clk_fpga_0  {rise@0.000ns fall@5.000ns period=10.000ns})
  Path Group:             clk_fpga_0
  Path Type:              Setup (Max at Slow Process Corner)
  Requirement:            10.000ns  (clk_fpga_0 rise@10.000ns - clk_fpga_0 rise@0.000ns)
  Data Path Delay:        9.232ns  (logic 1.574ns (17.050%)  route 7.658ns (82.950%))
  Logic Levels:           1  (LUT5=1)
  Clock Path Skew:        -0.185ns (DCD - SCD + CPR)
    Destination Clock Delay (DCD):    4.005ns = ( 14.005 - 10.000 ) 
    Source Clock Delay      (SCD):    4.618ns
    Clock Pessimism Removal (CPR):    0.428ns
  Clock Uncertainty:      0.154ns  ((TSJ^2 + TIJ^2)^1/2 + DJ) / 2 + PE
    Total System Jitter     (TSJ):    0.071ns
    Total Input Jitter      (TIJ):    0.300ns
    Discrete Jitter          (DJ):    0.000ns
    Phase Error              (PE):    0.000ns

    Location             Delay type                Incr(ns)  Path(ns)    Netlist Resource(s)
  -------------------------------------------------------------------    -------------------
                         (clock clk_fpga_0 rise edge)
                                                      0.000     0.000 r  
    PS7_X0Y0             PS7                          0.000     0.000 r  system_i/processing_system7_0/U0/PS7_i/FCLKCLK[0]
                         net (fo=1, routed)           2.780     2.780    system_i/processing_system7_0/U0/FCLK_CLK_unbuffered[0]
    BUFGCTRL_X0Y16       BUFG (Prop_bufg_I_O)         0.101     2.881 r  system_i/processing_system7_0/U0/buffer_fclk_clk_0.FCLK_CLK_0_BUFG/O
                         net (fo=5712, routed)        1.737     4.618    system_i/processing_system7_0/U0/M_AXI_GP0_ACLK
    PS7_X0Y0                                                          r  system_i/processing_system7_0/U0/PS7_i/MAXIGP0ACLK
  -------------------------------------------------------------------    -------------------
    PS7_X0Y0             PS7 (Prop_ps7_MAXIGP0ACLK_MAXIGP0WDATA[31])
                                                      1.450     6.068 r  system_i/processing_system7_0/U0/PS7_i/MAXIGP0WDATA[31]
                         net (fo=69, routed)          7.658    13.726    system_i/triggerSplit_0/s00_axi_wdata[31]
    SLICE_X63Y60         LUT5 (Prop_lut5_I4_O)        0.124    13.850 r  system_i/triggerSplit_0/slv_reg0[31]_i_1/O
                         net (fo=1, routed)           0.000    13.850    system_i/triggerSplit_0/n_0_slv_reg0[31]_i_1
    SLICE_X63Y60         FDRE                                         r  system_i/triggerSplit_0/U0/triggerSplit_v1_0_S00_AXI_inst/slv_reg0_reg[31]/D
  -------------------------------------------------------------------    -------------------

                         (clock clk_fpga_0 rise edge)
                                                     10.000    10.000 r  
    PS7_X0Y0             PS7                          0.000    10.000 r  system_i/processing_system7_0/U0/PS7_i/FCLKCLK[0]
                         net (fo=1, routed)           2.376    12.376    system_i/processing_system7_0/U0/FCLK_CLK_unbuffered[0]
    BUFGCTRL_X0Y16       BUFG (Prop_bufg_I_O)         0.091    12.467 r  system_i/processing_system7_0/U0/buffer_fclk_clk_0.FCLK_CLK_0_BUFG/O
                         net (fo=5712, routed)        1.538    14.005    system_i/triggerSplit_0/s00_axi_aclk
    SLICE_X63Y60                                                      r  system_i/triggerSplit_0/U0/triggerSplit_v1_0_S00_AXI_inst/slv_reg0_reg[31]/C
                         clock pessimism              0.428    14.433    
                         clock uncertainty           -0.154    14.279    
    SLICE_X63Y60         FDRE (Setup_fdre_C_D)        0.029    14.308    system_i/triggerSplit_0/U0/triggerSplit_v1_0_S00_AXI_inst/slv_reg0_reg[31]
  -------------------------------------------------------------------
                         required time                         14.308    
                         arrival time                         -13.850    
  -------------------------------------------------------------------
                         slack                                  0.458    





Min Delay Paths
--------------------------------------------------------------------------------------
Slack (MET) :             0.039ns  (arrival time - required time)
  Source:                 system_i/axi_interconnect_0/s00_couplers/auto_pc/inst/gen_axilite.gen_b2s_conv.axilite_b2s/RD.r_channel_0/r_arid_r_reg[10]/C
                            (rising edge-triggered cell FDRE clocked by clk_fpga_0  {rise@0.000ns fall@5.000ns period=10.000ns})
  Destination:            system_i/axi_interconnect_0/s00_couplers/auto_pc/inst/gen_axilite.gen_b2s_conv.axilite_b2s/RD.r_channel_0/transaction_fifo_0/memory_reg[31][11]_srl32/D
                            (rising edge-triggered cell SRLC32E clocked by clk_fpga_0  {rise@0.000ns fall@5.000ns period=10.000ns})
  Path Group:             clk_fpga_0
  Path Type:              Hold (Min at Fast Process Corner)
  Requirement:            0.000ns  (clk_fpga_0 rise@0.000ns - clk_fpga_0 rise@0.000ns)
  Data Path Delay:        0.337ns  (logic 0.164ns (48.612%)  route 0.173ns (51.388%))
  Logic Levels:           0  
  Clock Path Skew:        0.181ns (DCD - SCD - CPR)
    Destination Clock Delay (DCD):    2.218ns
    Source Clock Delay      (SCD):    1.854ns
    Clock Pessimism Removal (CPR):    0.183ns

    Location             Delay type                Incr(ns)  Path(ns)    Netlist Resource(s)
  -------------------------------------------------------------------    -------------------
                         (clock clk_fpga_0 rise edge)
                                                      0.000     0.000 r  
    PS7_X0Y0             PS7                          0.000     0.000 r  system_i/processing_system7_0/U0/PS7_i/FCLKCLK[0]
                         net (fo=1, routed)           1.169     1.169    system_i/processing_system7_0/U0/FCLK_CLK_unbuffered[0]
    BUFGCTRL_X0Y16       BUFG (Prop_bufg_I_O)         0.026     1.195 r  system_i/processing_system7_0/U0/buffer_fclk_clk_0.FCLK_CLK_0_BUFG/O
                         net (fo=5712, routed)        0.659     1.854    system_i/axi_interconnect_0/s00_couplers/auto_pc/aclk
    SLICE_X30Y100                                                     r  system_i/axi_interconnect_0/s00_couplers/auto_pc/inst/gen_axilite.gen_b2s_conv.axilite_b2s/RD.r_channel_0/r_arid_r_reg[10]/C
  -------------------------------------------------------------------    -------------------
    SLICE_X30Y100        FDRE (Prop_fdre_C_Q)         0.164     2.018 r  system_i/axi_interconnect_0/s00_couplers/auto_pc/inst/gen_axilite.gen_b2s_conv.axilite_b2s/RD.r_channel_0/r_arid_r_reg[10]/Q
                         net (fo=1, routed)           0.173     2.192    system_i/axi_interconnect_0/s00_couplers/auto_pc/inst/gen_axilite.gen_b2s_conv.axilite_b2s/RD.r_channel_0/trans_in[11]
    SLICE_X30Y99         SRLC32E                                      r  system_i/axi_interconnect_0/s00_couplers/auto_pc/inst/gen_axilite.gen_b2s_conv.axilite_b2s/RD.r_channel_0/transaction_fifo_0/memory_reg[31][11]_srl32/D
  -------------------------------------------------------------------    -------------------

                         (clock clk_fpga_0 rise edge)
                                                      0.000     0.000 r  
    PS7_X0Y0             PS7                          0.000     0.000 r  system_i/processing_system7_0/U0/PS7_i/FCLKCLK[0]
                         net (fo=1, routed)           1.344     1.344    system_i/processing_system7_0/U0/FCLK_CLK_unbuffered[0]
    BUFGCTRL_X0Y16       BUFG (Prop_bufg_I_O)         0.029     1.373 r  system_i/processing_system7_0/U0/buffer_fclk_clk_0.FCLK_CLK_0_BUFG/O
                         net (fo=5712, routed)        0.845     2.218    system_i/axi_interconnect_0/s00_couplers/auto_pc/aclk
    SLICE_X30Y99                                                      r  system_i/axi_interconnect_0/s00_couplers/auto_pc/inst/gen_axilite.gen_b2s_conv.axilite_b2s/RD.r_channel_0/transaction_fifo_0/memory_reg[31][11]_srl32/CLK
                         clock pessimism             -0.183     2.035    
    SLICE_X30Y99         SRLC32E (Hold_srlc32e_CLK_D)
                                                      0.117     2.152    system_i/axi_interconnect_0/s00_couplers/auto_pc/inst/gen_axilite.gen_b2s_conv.axilite_b2s/RD.r_channel_0/transaction_fifo_0/memory_reg[31][11]_srl32
  -------------------------------------------------------------------
                         required time                         -2.152    
                         arrival time                           2.192    
  -------------------------------------------------------------------
                         slack                                  0.039    





Pulse Width Checks
--------------------------------------------------------------------------------------
Clock Name:         clk_fpga_0
Waveform:           { 0 5 }
Period:             10.000
Sources:            { system_i/processing_system7_0/U0/PS7_i/FCLKCLK[0] }

Check Type        Corner  Lib Pin     Reference Pin  Required  Actual  Slack  Location        Pin
Min Period        n/a     BUFG/I      n/a            2.155     10.000  7.845  BUFGCTRL_X0Y16  system_i/processing_system7_0/U0/buffer_fclk_clk_0.FCLK_CLK_0_BUFG/I
Low Pulse Width   Fast    RAMD32/CLK  n/a            1.250     5.000   3.750  SLICE_X38Y89    system_i/axi_interconnect_0/m14_couplers/auto_cc/inst/gen_clock_conv.gen_async_conv.asyncfifo_axi/inst_fifo_gen/gaxi_full_lite.gread_ch.grach2.axi_rach/grf.rf/gntv_or_sync_fifo.mem/gdm.dm/RAM_reg_0_15_12_17/RAMA/CLK
High Pulse Width  Slow    RAMD32/CLK  n/a            1.250     5.000   3.750  SLICE_X54Y120   system_i/axi_interconnect_0/m17_couplers/auto_cc/inst/gen_clock_conv.gen_async_conv.asyncfifo_axi/inst_fifo_gen/gaxi_full_lite.gwrite_ch.gwach2.axi_wach/grf.rf/gntv_or_sync_fifo.mem/gdm.dm/RAM_reg_0_15_6_11/RAMA/CLK



---------------------------------------------------------------------------------------------------
Path Group:  **async_default**
From Clock:  clk_fpga_0
  To Clock:  clk_fpga_0

Setup :            0  Failing Endpoints,  Worst Slack        4.552ns,  Total Violation        0.000ns
Hold  :            0  Failing Endpoints,  Worst Slack        0.332ns,  Total Violation        0.000ns
---------------------------------------------------------------------------------------------------


Max Delay Paths
--------------------------------------------------------------------------------------
Slack (MET) :             4.552ns  (required time - arrival time)
  Source:                 system_i/axi_interconnect_0/m14_couplers/auto_cc/inst/gen_clock_conv.gen_async_conv.asyncfifo_axi/inst_fifo_gen/gaxi_full_lite.gwrite_ch.gwrch2.axi_wrch/grf.rf/rstblk/ngwrdrst.grst.g7serrst.rd_rst_asreg_reg/C
                            (rising edge-triggered cell FDPE clocked by clk_fpga_0  {rise@0.000ns fall@5.000ns period=10.000ns})
  Destination:            system_i/axi_interconnect_0/m14_couplers/auto_cc/inst/gen_clock_conv.gen_async_conv.asyncfifo_axi/inst_fifo_gen/gaxi_full_lite.gwrite_ch.gwrch2.axi_wrch/grf.rf/rstblk/ngwrdrst.grst.g7serrst.rd_rst_reg_reg[0]/PRE
                            (recovery check against rising-edge clock clk_fpga_0  {rise@0.000ns fall@5.000ns period=10.000ns})
  Path Group:             **async_default**
  Path Type:              Recovery (Max at Slow Process Corner)
  Requirement:            10.000ns  (clk_fpga_0 rise@10.000ns - clk_fpga_0 rise@0.000ns)
  Data Path Delay:        4.698ns  (logic 0.718ns (15.284%)  route 3.980ns (84.716%))
  Logic Levels:           1  (LUT2=1)
  Clock Path Skew:        -0.235ns (DCD - SCD + CPR)
    Destination Clock Delay (DCD):    3.980ns = ( 13.980 - 10.000 ) 
    Source Clock Delay      (SCD):    4.629ns
    Clock Pessimism Removal (CPR):    0.414ns
  Clock Uncertainty:      0.154ns  ((TSJ^2 + TIJ^2)^1/2 + DJ) / 2 + PE
    Total System Jitter     (TSJ):    0.071ns
    Total Input Jitter      (TIJ):    0.300ns
    Discrete Jitter          (DJ):    0.000ns
    Phase Error              (PE):    0.000ns

    Location             Delay type                Incr(ns)  Path(ns)    Netlist Resource(s)
  -------------------------------------------------------------------    -------------------
                         (clock clk_fpga_0 rise edge)
                                                      0.000     0.000 r  
    PS7_X0Y0             PS7                          0.000     0.000 r  system_i/processing_system7_0/U0/PS7_i/FCLKCLK[0]
                         net (fo=1, routed)           2.780     2.780    system_i/processing_system7_0/U0/FCLK_CLK_unbuffered[0]
    BUFGCTRL_X0Y16       BUFG (Prop_bufg_I_O)         0.101     2.881 r  system_i/processing_system7_0/U0/buffer_fclk_clk_0.FCLK_CLK_0_BUFG/O
                         net (fo=5712, routed)        1.748     4.629    system_i/axi_interconnect_0/m14_couplers/auto_cc/inst/s_axi_aclk
    SLICE_X31Y2                                                       r  system_i/axi_interconnect_0/m14_couplers/auto_cc/inst/gen_clock_conv.gen_async_conv.asyncfifo_axi/inst_fifo_gen/gaxi_full_lite.gwrite_ch.gwrch2.axi_wrch/grf.rf/rstblk/ngwrdrst.grst.g7serrst.rd_rst_asreg_reg/C
  -------------------------------------------------------------------    -------------------
    SLICE_X31Y2          FDPE (Prop_fdpe_C_Q)         0.419     5.048 f  system_i/axi_interconnect_0/m14_couplers/auto_cc/inst/gen_clock_conv.gen_async_conv.asyncfifo_axi/inst_fifo_gen/gaxi_full_lite.gwrite_ch.gwrch2.axi_wrch/grf.rf/rstblk/ngwrdrst.grst.g7serrst.rd_rst_asreg_reg/Q
                         net (fo=3, routed)           0.321     5.369    system_i/axi_interconnect_0/m14_couplers/auto_cc/inst/gen_clock_conv.gen_async_conv.asyncfifo_axi/inst_fifo_gen/gaxi_full_lite.gwrite_ch.gwrch2.axi_wrch/grf.rf/rstblk/rd_rst_asreg
    SLICE_X30Y3          LUT2 (Prop_lut2_I0_O)        0.299     5.668 f  system_i/axi_interconnect_0/m14_couplers/auto_cc/inst/ngwrdrst.grst.g7serrst.rd_rst_reg[2]_i_1__1/O
                         net (fo=3, routed)           3.659     9.327    system_i/axi_interconnect_0/m14_couplers/auto_cc/inst/n_0_ngwrdrst.grst.g7serrst.rd_rst_reg[2]_i_1__1
    SLICE_X30Y78         FDPE                                         f  system_i/axi_interconnect_0/m14_couplers/auto_cc/inst/gen_clock_conv.gen_async_conv.asyncfifo_axi/inst_fifo_gen/gaxi_full_lite.gwrite_ch.gwrch2.axi_wrch/grf.rf/rstblk/ngwrdrst.grst.g7serrst.rd_rst_reg_reg[0]/PRE
  -------------------------------------------------------------------    -------------------

                         (clock clk_fpga_0 rise edge)
                                                     10.000    10.000 r  
    PS7_X0Y0             PS7                          0.000    10.000 r  system_i/processing_system7_0/U0/PS7_i/FCLKCLK[0]
                         net (fo=1, routed)           2.376    12.376    system_i/processing_system7_0/U0/FCLK_CLK_unbuffered[0]
    BUFGCTRL_X0Y16       BUFG (Prop_bufg_I_O)         0.091    12.467 r  system_i/processing_system7_0/U0/buffer_fclk_clk_0.FCLK_CLK_0_BUFG/O
                         net (fo=5712, routed)        1.513    13.980    system_i/axi_interconnect_0/m14_couplers/auto_cc/inst/s_axi_aclk
    SLICE_X30Y78                                                      r  system_i/axi_interconnect_0/m14_couplers/auto_cc/inst/gen_clock_conv.gen_async_conv.asyncfifo_axi/inst_fifo_gen/gaxi_full_lite.gwrite_ch.gwrch2.axi_wrch/grf.rf/rstblk/ngwrdrst.grst.g7serrst.rd_rst_reg_reg[0]/C
                         clock pessimism              0.414    14.394    
                         clock uncertainty           -0.154    14.240    
    SLICE_X30Y78         FDPE (Recov_fdpe_C_PRE)     -0.361    13.879    system_i/axi_interconnect_0/m14_couplers/auto_cc/inst/gen_clock_conv.gen_async_conv.asyncfifo_axi/inst_fifo_gen/gaxi_full_lite.gwrite_ch.gwrch2.axi_wrch/grf.rf/rstblk/ngwrdrst.grst.g7serrst.rd_rst_reg_reg[0]
  -------------------------------------------------------------------
                         required time                         13.879    
                         arrival time                          -9.327    
  -------------------------------------------------------------------
                         slack                                  4.552    





Min Delay Paths
--------------------------------------------------------------------------------------
Slack (MET) :             0.332ns  (arrival time - required time)
  Source:                 system_i/axi_interconnect_0/m17_couplers/auto_cc/inst/gen_clock_conv.gen_async_conv.asyncfifo_axi/inst_fifo_gen/gaxi_full_lite.gwrite_ch.gwach2.axi_wach/grf.rf/rstblk/ngwrdrst.grst.g7serrst.wr_rst_reg_reg[1]/C
                            (rising edge-triggered cell FDPE clocked by clk_fpga_0  {rise@0.000ns fall@5.000ns period=10.000ns})
  Destination:            system_i/axi_interconnect_0/m17_couplers/auto_cc/inst/gen_clock_conv.gen_async_conv.asyncfifo_axi/inst_fifo_gen/gaxi_full_lite.gwrite_ch.gwach2.axi_wach/grf.rf/gntv_or_sync_fifo.gl0.wr/wpntr/gic0.gc0.count_d1_reg[1]/CLR
                            (removal check against rising-edge clock clk_fpga_0  {rise@0.000ns fall@5.000ns period=10.000ns})
  Path Group:             **async_default**
  Path Type:              Removal (Min at Fast Process Corner)
  Requirement:            0.000ns  (clk_fpga_0 rise@0.000ns - clk_fpga_0 rise@0.000ns)
  Data Path Delay:        0.272ns  (logic 0.141ns (51.901%)  route 0.131ns (48.099%))
  Logic Levels:           0  
  Clock Path Skew:        0.032ns (DCD - SCD - CPR)
    Destination Clock Delay (DCD):    2.292ns
    Source Clock Delay      (SCD):    1.844ns
    Clock Pessimism Removal (CPR):    0.416ns

    Location             Delay type                Incr(ns)  Path(ns)    Netlist Resource(s)
  -------------------------------------------------------------------    -------------------
                         (clock clk_fpga_0 rise edge)
                                                      0.000     0.000 r  
    PS7_X0Y0             PS7                          0.000     0.000 r  system_i/processing_system7_0/U0/PS7_i/FCLKCLK[0]
                         net (fo=1, routed)           1.169     1.169    system_i/processing_system7_0/U0/FCLK_CLK_unbuffered[0]
    BUFGCTRL_X0Y16       BUFG (Prop_bufg_I_O)         0.026     1.195 r  system_i/processing_system7_0/U0/buffer_fclk_clk_0.FCLK_CLK_0_BUFG/O
                         net (fo=5712, routed)        0.649     1.844    system_i/axi_interconnect_0/m17_couplers/auto_cc/inst/s_axi_aclk
    SLICE_X65Y123                                                     r  system_i/axi_interconnect_0/m17_couplers/auto_cc/inst/gen_clock_conv.gen_async_conv.asyncfifo_axi/inst_fifo_gen/gaxi_full_lite.gwrite_ch.gwach2.axi_wach/grf.rf/rstblk/ngwrdrst.grst.g7serrst.wr_rst_reg_reg[1]/C
  -------------------------------------------------------------------    -------------------
    SLICE_X65Y123        FDPE (Prop_fdpe_C_Q)         0.141     1.985 f  system_i/axi_interconnect_0/m17_couplers/auto_cc/inst/gen_clock_conv.gen_async_conv.asyncfifo_axi/inst_fifo_gen/gaxi_full_lite.gwrite_ch.gwach2.axi_wach/grf.rf/rstblk/ngwrdrst.grst.g7serrst.wr_rst_reg_reg[1]/Q
                         net (fo=12, routed)          0.131     2.116    system_i/axi_interconnect_0/m17_couplers/auto_cc/inst/RST
    SLICE_X63Y123        FDCE                                         f  system_i/axi_interconnect_0/m17_couplers/auto_cc/inst/gen_clock_conv.gen_async_conv.asyncfifo_axi/inst_fifo_gen/gaxi_full_lite.gwrite_ch.gwach2.axi_wach/grf.rf/gntv_or_sync_fifo.gl0.wr/wpntr/gic0.gc0.count_d1_reg[1]/CLR
  -------------------------------------------------------------------    -------------------

                         (clock clk_fpga_0 rise edge)
                                                      0.000     0.000 r  
    PS7_X0Y0             PS7                          0.000     0.000 r  system_i/processing_system7_0/U0/PS7_i/FCLKCLK[0]
                         net (fo=1, routed)           1.344     1.344    system_i/processing_system7_0/U0/FCLK_CLK_unbuffered[0]
    BUFGCTRL_X0Y16       BUFG (Prop_bufg_I_O)         0.029     1.373 r  system_i/processing_system7_0/U0/buffer_fclk_clk_0.FCLK_CLK_0_BUFG/O
                         net (fo=5712, routed)        0.919     2.292    system_i/axi_interconnect_0/m17_couplers/auto_cc/inst/s_axi_aclk
    SLICE_X63Y123                                                     r  system_i/axi_interconnect_0/m17_couplers/auto_cc/inst/gen_clock_conv.gen_async_conv.asyncfifo_axi/inst_fifo_gen/gaxi_full_lite.gwrite_ch.gwach2.axi_wach/grf.rf/gntv_or_sync_fifo.gl0.wr/wpntr/gic0.gc0.count_d1_reg[1]/C
                         clock pessimism             -0.416     1.876    
    SLICE_X63Y123        FDCE (Remov_fdce_C_CLR)     -0.092     1.784    system_i/axi_interconnect_0/m17_couplers/auto_cc/inst/gen_clock_conv.gen_async_conv.asyncfifo_axi/inst_fifo_gen/gaxi_full_lite.gwrite_ch.gwach2.axi_wach/grf.rf/gntv_or_sync_fifo.gl0.wr/wpntr/gic0.gc0.count_d1_reg[1]
  -------------------------------------------------------------------
                         required time                         -1.784    
                         arrival time                           2.116    
  -------------------------------------------------------------------
                         slack                                  0.332    





---------------------------------------------------------------------------------------------------
Path Group:  **default**
From Clock:  clk_fpga_0
  To Clock:  

Setup :            0  Failing Endpoints,  Worst Slack        7.103ns,  Total Violation        0.000ns
Hold  :               Failing Endpoints,  Worst Slack               ,  Total Violation             
---------------------------------------------------------------------------------------------------


Max Delay Paths
--------------------------------------------------------------------------------------
Slack (MET) :             7.103ns  (required time - arrival time)
  Source:                 system_i/axi_interconnect_0/m16_couplers/auto_cc/inst/gen_clock_conv.gen_async_conv.asyncfifo_axi/inst_fifo_gen/gaxi_full_lite.gwrite_ch.gwdch2.axi_wdch/grf.rf/gntv_or_sync_fifo.mem/gdm.dm/RAM_reg_0_15_6_11/RAMA/CLK
                            (rising edge-triggered cell RAMD32 clocked by clk_fpga_0)
  Destination:            system_i/axi_interconnect_0/m16_couplers/auto_cc/inst/gen_clock_conv.gen_async_conv.asyncfifo_axi/inst_fifo_gen/gaxi_full_lite.gwrite_ch.gwdch2.axi_wdch/grf.rf/gntv_or_sync_fifo.mem/gdm.dm/gpr1.dout_i_reg[6]/D
  Path Group:             **default**
  Path Type:              Setup (Max at Slow Process Corner)
  Requirement:            10.000ns  (MaxDelay Path 10.000ns)
  Data Path Delay:        2.588ns  (logic 1.344ns (51.937%)  route 1.244ns (48.063%))
  Logic Levels:           0  
  Timing Exception:       MaxDelay Path 10.000ns -datapath_only

    Location             Delay type                Incr(ns)  Path(ns)    Netlist Resource(s)
  -------------------------------------------------------------------    -------------------
    SLICE_X58Y135                                     0.000     0.000 r  system_i/axi_interconnect_0/m16_couplers/auto_cc/inst/gen_clock_conv.gen_async_conv.asyncfifo_axi/inst_fifo_gen/gaxi_full_lite.gwrite_ch.gwdch2.axi_wdch/grf.rf/gntv_or_sync_fifo.mem/gdm.dm/RAM_reg_0_15_6_11/RAMA/CLK
    SLICE_X58Y135        RAMD32 (Prop_ramd32_CLK_O)
                                                      1.344     1.344 r  system_i/axi_interconnect_0/m16_couplers/auto_cc/inst/gen_clock_conv.gen_async_conv.asyncfifo_axi/inst_fifo_gen/gaxi_full_lite.gwrite_ch.gwdch2.axi_wdch/grf.rf/gntv_or_sync_fifo.mem/gdm.dm/RAM_reg_0_15_6_11/RAMA/O
                         net (fo=1, routed)           1.244     2.588    system_i/axi_interconnect_0/m16_couplers/auto_cc/inst/gen_clock_conv.gen_async_conv.asyncfifo_axi/inst_fifo_gen/gaxi_full_lite.gwrite_ch.gwdch2.axi_wdch/grf.rf/gntv_or_sync_fifo.mem/gdm.dm/p_0_out[6]
    SLICE_X59Y135        FDRE                                         r  system_i/axi_interconnect_0/m16_couplers/auto_cc/inst/gen_clock_conv.gen_async_conv.asyncfifo_axi/inst_fifo_gen/gaxi_full_lite.gwrite_ch.gwdch2.axi_wdch/grf.rf/gntv_or_sync_fifo.mem/gdm.dm/gpr1.dout_i_reg[6]/D
  -------------------------------------------------------------------    -------------------

                         max delay                   10.000    10.000    
    SLICE_X59Y135        FDRE (Setup_fdre_C_D)       -0.309     9.691    system_i/axi_interconnect_0/m16_couplers/auto_cc/inst/gen_clock_conv.gen_async_conv.asyncfifo_axi/inst_fifo_gen/gaxi_full_lite.gwrite_ch.gwdch2.axi_wdch/grf.rf/gntv_or_sync_fifo.mem/gdm.dm/gpr1.dout_i_reg[6]
  -------------------------------------------------------------------
                         required time                          9.691    
                         arrival time                          -2.588    
  -------------------------------------------------------------------
                         slack                                  7.103    





