
*** Running vivado
    with args -log comboTrigger_v1_0.rds -m64 -mode batch -messageDb vivado.pb -source comboTrigger_v1_0.tcl


****** Vivado v2013.4 (64-bit)
  **** SW Build 353583 on Mon Dec  9 17:49:19 MST 2013
  **** IP Build 208076 on Mon Dec  2 12:38:17 MST 2013
    ** Copyright 1986-1999, 2001-2013 Xilinx, Inc. All Rights Reserved.

Attempting to get a license: Implementation
Feature available: Implementation
Loading parts and site information from C:/Xilinx/Vivado/2013.4/data/parts/arch.xml
Parsing RTL primitives file [C:/Xilinx/Vivado/2013.4/data/parts/xilinx/rtl/prims/rtl_prims.xml]
Finished parsing RTL primitives file [C:/Xilinx/Vivado/2013.4/data/parts/xilinx/rtl/prims/rtl_prims.xml]
source comboTrigger_v1_0.tcl
# set_param gui.test TreeTableDev
# set_msg_config -id {HDL 9-1061} -limit 100000
# set_msg_config -id {HDL 9-1654} -limit 100000
# create_project -in_memory -part xc7z010clg400-1
# set_property target_language Verilog [current_project]
# set_param project.compositeFile.enableAutoGeneration 0
# set_property ip_repo_paths {
#   C:/Users/Ian/project_tubii/comboTrigger_1.0
#   C:/Users/Ian/project_tubii/testFanIn_1.0
#   C:/Users/Ian/project_tubii/testDelay_1.0
#   C:/Users/Ian/project_tubii/testPulser_1.0
#   C:/Users/Ian/project_tubii/testtubii_1.0
# } [current_fileset]
# read_vhdl {
#   C:/Users/Ian/project_tubii/comboTrigger_1.0/hdl/comboTrigger_v1_0_S00_AXI.vhd
#   C:/Users/Ian/project_tubii/comboTrigger_1.0/hdl/comboTrigger_v1_0.vhd
# }
# set_param synth.vivado.isSynthRun true
# set_property webtalk.parent_dir C:/Users/Ian/project_tubii/edit_comboTrigger_v1_0.data/wt [current_project]
# set_property parent.project_dir C:/Users/Ian/project_tubii [current_project]
# synth_design -top comboTrigger_v1_0 -part xc7z010clg400-1
Command: synth_design -top comboTrigger_v1_0 -part xc7z010clg400-1

Starting synthesis...

Attempting to get a license for feature 'Synthesis' and/or device 'xc7z010'
INFO: [Common 17-349] Got license for feature 'Synthesis' and/or device 'xc7z010'
---------------------------------------------------------------------------------
Starting Synthesize : Time (s): cpu = 00:00:04 ; elapsed = 00:00:06 . Memory (MB): peak = 231.781 ; gain = 86.234
---------------------------------------------------------------------------------
INFO: [Synth 8-638] synthesizing module 'comboTrigger_v1_0' [C:/Users/Ian/project_tubii/comboTrigger_1.0/hdl/comboTrigger_v1_0.vhd:51]
	Parameter C_S00_AXI_DATA_WIDTH bound to: 32 - type: integer 
	Parameter C_S00_AXI_ADDR_WIDTH bound to: 4 - type: integer 
	Parameter C_S_AXI_DATA_WIDTH bound to: 32 - type: integer 
	Parameter C_S_AXI_ADDR_WIDTH bound to: 4 - type: integer 
INFO: [Synth 8-3491] module 'comboTrigger_v1_0_S00_AXI' declared at 'C:/Users/Ian/project_tubii/comboTrigger_1.0/hdl/comboTrigger_v1_0_S00_AXI.vhd:6' bound to instance 'comboTrigger_v1_0_S00_AXI_inst' of component 'comboTrigger_v1_0_S00_AXI' [C:/Users/Ian/project_tubii/comboTrigger_1.0/hdl/comboTrigger_v1_0.vhd:89]
INFO: [Synth 8-638] synthesizing module 'comboTrigger_v1_0_S00_AXI__parameterized0' [C:/Users/Ian/project_tubii/comboTrigger_1.0/hdl/comboTrigger_v1_0_S00_AXI.vhd:91]
	Parameter C_S_AXI_DATA_WIDTH bound to: 32 - type: integer 
	Parameter C_S_AXI_ADDR_WIDTH bound to: 4 - type: integer 
INFO: [Synth 8-226] default block is never used [C:/Users/Ian/project_tubii/comboTrigger_1.0/hdl/comboTrigger_v1_0_S00_AXI.vhd:244]
INFO: [Synth 8-226] default block is never used [C:/Users/Ian/project_tubii/comboTrigger_1.0/hdl/comboTrigger_v1_0_S00_AXI.vhd:377]
INFO: [Synth 8-256] done synthesizing module 'comboTrigger_v1_0_S00_AXI__parameterized0' (1#1) [C:/Users/Ian/project_tubii/comboTrigger_1.0/hdl/comboTrigger_v1_0_S00_AXI.vhd:91]
INFO: [Synth 8-256] done synthesizing module 'comboTrigger_v1_0' (2#1) [C:/Users/Ian/project_tubii/comboTrigger_1.0/hdl/comboTrigger_v1_0.vhd:51]
---------------------------------------------------------------------------------
Finished Synthesize : Time (s): cpu = 00:00:05 ; elapsed = 00:00:07 . Memory (MB): peak = 265.336 ; gain = 119.789
---------------------------------------------------------------------------------

---------------------------------------------------------------------------------
Start RTL Optimization
---------------------------------------------------------------------------------
---------------------------------------------------------------------------------
Finished RTL Optimization : Time (s): cpu = 00:00:05 ; elapsed = 00:00:07 . Memory (MB): peak = 265.336 ; gain = 119.789
---------------------------------------------------------------------------------


Report RTL Partitions: 
+-+--------------+------------+----------+
| |RTL Partition |Replication |Instances |
+-+--------------+------------+----------+
+-+--------------+------------+----------+

---------------------------------------------------------------------------------
Start Loading Part and Timing Information
---------------------------------------------------------------------------------
Loading part: xc7z010clg400-1
Loading clock regions from C:/Xilinx/Vivado/2013.4/data\parts/xilinx/zynq/zynq/xc7z010/ClockRegion.xml
Loading clock buffers from C:/Xilinx/Vivado/2013.4/data\parts/xilinx/zynq/zynq/xc7z010/ClockBuffers.xml
Loading clock placement rules from C:/Xilinx/Vivado/2013.4/data/parts/xilinx/zynq/ClockPlacerRules.xml
Loading package pin functions from C:/Xilinx/Vivado/2013.4/data\parts/xilinx/zynq/PinFunctions.xml...
Loading package from C:/Xilinx/Vivado/2013.4/data\parts/xilinx/zynq/zynq/xc7z010/clg400/Package.xml
Loading io standards from C:/Xilinx/Vivado/2013.4/data\./parts/xilinx/zynq/IOStandards.xml
Part Resources:
DSPs: 80 (col length:40)
BRAMs: 120 (col length: RAMB18 40 RAMB36 20)
---------------------------------------------------------------------------------
Finished Loading Part and Timing Information : Time (s): cpu = 00:00:26 ; elapsed = 00:00:28 . Memory (MB): peak = 527.344 ; gain = 381.797
---------------------------------------------------------------------------------

No constraint files found.

---------------------------------------------------------------------------------
Start RTL Component Statistics 
---------------------------------------------------------------------------------
Detailed RTL Component Info : 
+---Registers : 
	               32 Bit    Registers := 5     
	                4 Bit    Registers := 2     
	                2 Bit    Registers := 2     
	                1 Bit    Registers := 6     
+---Muxes : 
	   4 Input     32 Bit        Muxes := 1     
	   2 Input     32 Bit        Muxes := 9     
	   2 Input      8 Bit        Muxes := 9     
	   2 Input      1 Bit        Muxes := 6     

---------------------------------------------------------------------------------
Finished RTL Component Statistics 
---------------------------------------------------------------------------------

---------------------------------------------------------------------------------
Start RTL Hierarchical Component Statistics 
---------------------------------------------------------------------------------
Hierarchical RTL Component report 
Module comboTrigger_v1_0 
Detailed RTL Component Info : 
Module comboTrigger_v1_0_S00_AXI__parameterized0 
Detailed RTL Component Info : 
+---Registers : 
	               32 Bit    Registers := 5     
	                4 Bit    Registers := 2     
	                2 Bit    Registers := 2     
	                1 Bit    Registers := 6     
+---Muxes : 
	   4 Input     32 Bit        Muxes := 1     
	   2 Input     32 Bit        Muxes := 9     
	   2 Input      8 Bit        Muxes := 9     
	   2 Input      1 Bit        Muxes := 6     

---------------------------------------------------------------------------------
Finished RTL Hierarchical Component Statistics
---------------------------------------------------------------------------------

---------------------------------------------------------------------------------
Start Cross Boundary Optimization
---------------------------------------------------------------------------------
WARNING: [Synth 8-3332] Sequential element (\comboTrigger_v1_0_S00_AXI_inst/axi_awaddr_reg[1] ) is unused and will be removed from module comboTrigger_v1_0.
WARNING: [Synth 8-3332] Sequential element (\comboTrigger_v1_0_S00_AXI_inst/axi_awaddr_reg[0] ) is unused and will be removed from module comboTrigger_v1_0.
WARNING: [Synth 8-3332] Sequential element (\comboTrigger_v1_0_S00_AXI_inst/axi_araddr_reg[1] ) is unused and will be removed from module comboTrigger_v1_0.
WARNING: [Synth 8-3332] Sequential element (\comboTrigger_v1_0_S00_AXI_inst/axi_araddr_reg[0] ) is unused and will be removed from module comboTrigger_v1_0.
WARNING: [Synth 8-3332] Sequential element (\comboTrigger_v1_0_S00_AXI_inst/axi_awaddr_reg[1] ) is unused and will be removed from module comboTrigger_v1_0.
WARNING: [Synth 8-3332] Sequential element (\comboTrigger_v1_0_S00_AXI_inst/axi_awaddr_reg[0] ) is unused and will be removed from module comboTrigger_v1_0.
WARNING: [Synth 8-3332] Sequential element (\comboTrigger_v1_0_S00_AXI_inst/axi_araddr_reg[1] ) is unused and will be removed from module comboTrigger_v1_0.
WARNING: [Synth 8-3332] Sequential element (\comboTrigger_v1_0_S00_AXI_inst/axi_araddr_reg[0] ) is unused and will be removed from module comboTrigger_v1_0.
WARNING: [Synth 8-3331] design comboTrigger_v1_0 has unconnected port s00_axi_awaddr[1]
WARNING: [Synth 8-3331] design comboTrigger_v1_0 has unconnected port s00_axi_awaddr[0]
WARNING: [Synth 8-3331] design comboTrigger_v1_0 has unconnected port s00_axi_awprot[2]
WARNING: [Synth 8-3331] design comboTrigger_v1_0 has unconnected port s00_axi_awprot[1]
WARNING: [Synth 8-3331] design comboTrigger_v1_0 has unconnected port s00_axi_awprot[0]
WARNING: [Synth 8-3331] design comboTrigger_v1_0 has unconnected port s00_axi_araddr[1]
WARNING: [Synth 8-3331] design comboTrigger_v1_0 has unconnected port s00_axi_araddr[0]
WARNING: [Synth 8-3331] design comboTrigger_v1_0 has unconnected port s00_axi_arprot[2]
WARNING: [Synth 8-3331] design comboTrigger_v1_0 has unconnected port s00_axi_arprot[1]
WARNING: [Synth 8-3331] design comboTrigger_v1_0 has unconnected port s00_axi_arprot[0]
---------------------------------------------------------------------------------
Finished Cross Boundary Optimization : Time (s): cpu = 00:00:26 ; elapsed = 00:00:29 . Memory (MB): peak = 537.023 ; gain = 391.477
---------------------------------------------------------------------------------

---------------------------------------------------------------------------------
Start RAM, DSP and Shift Register Reporting
---------------------------------------------------------------------------------
---------------------------------------------------------------------------------
Finished RAM, DSP and Shift Register Reporting
---------------------------------------------------------------------------------

---------------------------------------------------------------------------------
Start Area Optimization
---------------------------------------------------------------------------------
WARNING: [Synth 8-3332] Sequential element (\comboTrigger_v1_0_S00_AXI_inst/axi_bresp_reg[1] ) is unused and will be removed from module comboTrigger_v1_0.
WARNING: [Synth 8-3332] Sequential element (\comboTrigger_v1_0_S00_AXI_inst/axi_bresp_reg[0] ) is unused and will be removed from module comboTrigger_v1_0.
WARNING: [Synth 8-3332] Sequential element (\comboTrigger_v1_0_S00_AXI_inst/axi_rresp_reg[1] ) is unused and will be removed from module comboTrigger_v1_0.
WARNING: [Synth 8-3332] Sequential element (\comboTrigger_v1_0_S00_AXI_inst/axi_rresp_reg[0] ) is unused and will be removed from module comboTrigger_v1_0.
No constraint files found.
---------------------------------------------------------------------------------
Finished Area Optimization : Time (s): cpu = 00:00:27 ; elapsed = 00:00:29 . Memory (MB): peak = 561.957 ; gain = 416.410
---------------------------------------------------------------------------------


---------------------------------------------------------------------------------
Start Timing Optimization
---------------------------------------------------------------------------------
No constraint files found.
---------------------------------------------------------------------------------
Finished Timing Optimization : Time (s): cpu = 00:00:27 ; elapsed = 00:00:29 . Memory (MB): peak = 561.957 ; gain = 416.410
---------------------------------------------------------------------------------


---------------------------------------------------------------------------------
Start Technology Mapping
---------------------------------------------------------------------------------
---------------------------------------------------------------------------------
Finished Technology Mapping : Time (s): cpu = 00:00:27 ; elapsed = 00:00:29 . Memory (MB): peak = 561.957 ; gain = 416.410
---------------------------------------------------------------------------------


---------------------------------------------------------------------------------
Start IO Insertion
---------------------------------------------------------------------------------

---------------------------------------------------------------------------------
Start Flattening Before IO Insertion
---------------------------------------------------------------------------------

---------------------------------------------------------------------------------
Finished Flattening Before IO Insertion
---------------------------------------------------------------------------------

---------------------------------------------------------------------------------
Start Final Netlist Cleanup
---------------------------------------------------------------------------------

---------------------------------------------------------------------------------
Finished Final Netlist Cleanup
---------------------------------------------------------------------------------
Gated Clock Conversion mode: off
---------------------------------------------------------------------------------
Finished IO Insertion : Time (s): cpu = 00:00:28 ; elapsed = 00:00:30 . Memory (MB): peak = 561.957 ; gain = 416.410
---------------------------------------------------------------------------------


Report Check Netlist: 
+------+------------------+-------+---------+-------+------------------+
|      |Item              |Errors |Warnings |Status |Description       |
+------+------------------+-------+---------+-------+------------------+
|1     |multi_driven_nets |      0|        0|Passed |Multi driven nets |
+------+------------------+-------+---------+-------+------------------+

---------------------------------------------------------------------------------
Start Renaming Generated Instances
---------------------------------------------------------------------------------
---------------------------------------------------------------------------------
Finished Renaming Generated Instances : Time (s): cpu = 00:00:28 ; elapsed = 00:00:30 . Memory (MB): peak = 561.957 ; gain = 416.410
---------------------------------------------------------------------------------


---------------------------------------------------------------------------------
Start Rebuilding User Hierarchy
---------------------------------------------------------------------------------
---------------------------------------------------------------------------------
Finished Rebuilding User Hierarchy : Time (s): cpu = 00:00:28 ; elapsed = 00:00:30 . Memory (MB): peak = 561.957 ; gain = 416.410
---------------------------------------------------------------------------------

---------------------------------------------------------------------------------
Start RAM, DSP and Shift Register Reporting
---------------------------------------------------------------------------------
---------------------------------------------------------------------------------
Finished RAM, DSP and Shift Register Reporting
---------------------------------------------------------------------------------

---------------------------------------------------------------------------------
Start Writing Synthesis Report
---------------------------------------------------------------------------------

Report BlackBoxes: 
+-+--------------+----------+
| |BlackBox name |Instances |
+-+--------------+----------+
+-+--------------+----------+

Report Cell Usage: 
+------+-------+------+
|      |Cell   |Count |
+------+-------+------+
|1     |BUFG   |     1|
|2     |CARRY4 |     3|
|3     |LUT1   |     1|
|4     |LUT2   |     1|
|5     |LUT3   |     2|
|6     |LUT4   |   109|
|7     |LUT5   |    47|
|8     |LUT6   |    76|
|9     |FDRE   |   168|
|10    |FDSE   |     2|
|11    |IBUF   |    51|
|12    |OBUF   |    42|
+------+-------+------+

Report Instance Areas: 
+------+---------------------------------+------------------------------------------+------+
|      |Instance                         |Module                                    |Cells |
+------+---------------------------------+------------------------------------------+------+
|1     |top                              |                                          |   503|
|2     |  comboTrigger_v1_0_S00_AXI_inst |comboTrigger_v1_0_S00_AXI__parameterized0 |   409|
+------+---------------------------------+------------------------------------------+------+
---------------------------------------------------------------------------------
Finished Writing Synthesis Report : Time (s): cpu = 00:00:28 ; elapsed = 00:00:30 . Memory (MB): peak = 561.957 ; gain = 416.410
---------------------------------------------------------------------------------

Synthesis finished with 0 errors, 0 critical warnings and 22 warnings.
Synthesis Optimization Complete : Time (s): cpu = 00:00:28 ; elapsed = 00:00:30 . Memory (MB): peak = 561.957 ; gain = 416.410
INFO: [Netlist 29-17] Analyzing 51 Unisim elements for replacement
INFO: [Netlist 29-28] Unisim Transformation completed in 0 CPU seconds
INFO: [Opt 31-140] Inserted 0 IBUFs to IO ports without IO buffers.
INFO: [Opt 31-141] Inserted 0 OBUFs to IO ports without IO buffers.
INFO: [Opt 31-138] Pushed 0 inverter(s).
INFO: [Memdata 28-144] Successfully populated the BRAM INIT strings from the following elf files: 
INFO: [Project 1-111] Unisim Transformation Summary:
No Unisim elements were transformed.

INFO: [Common 17-83] Releasing license: Synthesis
16 Infos, 22 Warnings, 0 Critical Warnings and 0 Errors encountered.
synth_design completed successfully
synth_design: Time (s): cpu = 00:00:41 ; elapsed = 00:00:49 . Memory (MB): peak = 942.012 ; gain = 758.027
# write_checkpoint comboTrigger_v1_0.dcp
INFO: [Timing 38-35] Done setting XDC timing constraints.
# report_utilization -file comboTrigger_v1_0_utilization_synth.rpt -pb comboTrigger_v1_0_utilization_synth.pb
report_utilization: Time (s): cpu = 00:00:00 ; elapsed = 00:00:00.250 . Memory (MB): peak = 942.012 ; gain = 0.000
INFO: [Common 17-206] Exiting Vivado at Thu Sep 18 19:00:31 2014...
