
*** Running vivado
    with args -log triggerOut_v1_0.rds -m64 -mode batch -messageDb vivado.pb -source triggerOut_v1_0.tcl


****** Vivado v2013.4 (64-bit)
  **** SW Build 353583 on Mon Dec  9 17:49:19 MST 2013
  **** IP Build 208076 on Mon Dec  2 12:38:17 MST 2013
    ** Copyright 1986-1999, 2001-2013 Xilinx, Inc. All Rights Reserved.

Attempting to get a license: Implementation
Feature available: Implementation
Loading parts and site information from C:/Xilinx/Vivado/2013.4/data/parts/arch.xml
Parsing RTL primitives file [C:/Xilinx/Vivado/2013.4/data/parts/xilinx/rtl/prims/rtl_prims.xml]
Finished parsing RTL primitives file [C:/Xilinx/Vivado/2013.4/data/parts/xilinx/rtl/prims/rtl_prims.xml]
source triggerOut_v1_0.tcl
# set_param gui.test TreeTableDev
# set_msg_config -id {HDL 9-1061} -limit 100000
# set_msg_config -id {HDL 9-1654} -limit 100000
# create_project -in_memory -part xc7z020clg400-1
# set_property target_language Verilog [current_project]
# set_param project.compositeFile.enableAutoGeneration 0
# set_property ip_repo_paths {
#   c:/Users/Ian/Documents/GitHub/project_tubii_7020/ShiftRegisters_1.0
#   c:/Users/Ian/Documents/GitHub/project_tubii_7020/buttonTrigger_1.0
#   c:/Users/Ian/Documents/GitHub/project_tubii_7020/implement_gtid_1.0
#   c:/Users/Ian/Documents/GitHub/project_tubii_7020/TrigWordDelay_1.0
#   c:/Users/Ian/Documents/GitHub/project_tubii_7020/oneshot_pulse_1.0
#   c:/Users/Ian/Documents/GitHub/project_tubii_7020/fifo_readout_1.0
#   c:/Users/Ian/Documents/GitHub/project_tubii_7020/counter_1.0
#   c:/Users/Ian/project_tubii_7020/ShiftRegs_1.0
#   c:/Users/Ian/Documents/GitHub/project_tubii_7020/countDisplay_1.0
#   c:/Users/Ian/Documents/GitHub/project_tubii_7020/comboTrigger_1.0
#   c:/Users/Ian/Documents/GitHub/project_tubii_7020/testPulser_1.0
#   c:/Users/Ian/Documents/GitHub/project_tubii_7020/triggerOut_1.0
#   c:/Users/Ian/Documents/GitHub/project_tubii_7020/clockLogic_1.0
#   c:/Users/Ian/Documents/GitHub/project_tubii_7020/triggerSplit_1.0
#   c:/Users/Ian/Documents/GitHub/project_tubii_7020/testDelay_1.0
#   c:/Users/Ian/Documents/GitHub/project_tubii_7020/prescaleTrigger_1.0
#   c:/Users/Ian/Documents/GitHub/project_tubii_7020/burstTrigger_1.0
# } [current_fileset]
# read_vhdl {
#   c:/Users/Ian/Documents/GitHub/project_tubii_7020/triggerOut_1.0/hdl/triggerOut_v1_0_S00_AXI.vhd
#   c:/Users/Ian/Documents/GitHub/project_tubii_7020/triggerOut_1.0/hdl/triggerOut_v1_0.vhd
# }
# set_param synth.vivado.isSynthRun true
# set_property webtalk.parent_dir C:/Users/Ian/Documents/GitHub/project_tubii_7020/triggerOut_1.0/triggerOut_v1_0_project/triggerOut_v1_0_project.data/wt [current_project]
# set_property parent.project_dir C:/Users/Ian/Documents/GitHub/project_tubii_7020/triggerOut_1.0/triggerOut_v1_0_project [current_project]
# synth_design -top triggerOut_v1_0 -part xc7z020clg400-1
Command: synth_design -top triggerOut_v1_0 -part xc7z020clg400-1

Starting synthesis...

Attempting to get a license for feature 'Synthesis' and/or device 'xc7z020'
INFO: [Common 17-349] Got license for feature 'Synthesis' and/or device 'xc7z020'
---------------------------------------------------------------------------------
Starting Synthesize : Time (s): cpu = 00:00:05 ; elapsed = 00:00:10 . Memory (MB): peak = 234.383 ; gain = 84.852
---------------------------------------------------------------------------------
INFO: [Synth 8-638] synthesizing module 'triggerOut_v1_0' [c:/Users/Ian/Documents/GitHub/project_tubii_7020/triggerOut_1.0/hdl/triggerOut_v1_0.vhd:68]
	Parameter C_S00_AXI_DATA_WIDTH bound to: 32 - type: integer 
	Parameter C_S00_AXI_ADDR_WIDTH bound to: 4 - type: integer 
	Parameter C_S_AXI_DATA_WIDTH bound to: 32 - type: integer 
	Parameter C_S_AXI_ADDR_WIDTH bound to: 4 - type: integer 
INFO: [Synth 8-3491] module 'triggerOut_v1_0_S00_AXI' declared at 'c:/Users/Ian/Documents/GitHub/project_tubii_7020/triggerOut_1.0/hdl/triggerOut_v1_0_S00_AXI.vhd:6' bound to instance 'triggerOut_v1_0_S00_AXI_inst' of component 'triggerOut_v1_0_S00_AXI' [c:/Users/Ian/Documents/GitHub/project_tubii_7020/triggerOut_1.0/hdl/triggerOut_v1_0.vhd:123]
INFO: [Synth 8-638] synthesizing module 'triggerOut_v1_0_S00_AXI__parameterized0' [c:/Users/Ian/Documents/GitHub/project_tubii_7020/triggerOut_1.0/hdl/triggerOut_v1_0_S00_AXI.vhd:105]
	Parameter C_S_AXI_DATA_WIDTH bound to: 32 - type: integer 
	Parameter C_S_AXI_ADDR_WIDTH bound to: 4 - type: integer 
INFO: [Synth 8-226] default block is never used [c:/Users/Ian/Documents/GitHub/project_tubii_7020/triggerOut_1.0/hdl/triggerOut_v1_0_S00_AXI.vhd:335]
INFO: [Synth 8-226] default block is never used [c:/Users/Ian/Documents/GitHub/project_tubii_7020/triggerOut_1.0/hdl/triggerOut_v1_0_S00_AXI.vhd:468]
INFO: [Synth 8-256] done synthesizing module 'triggerOut_v1_0_S00_AXI__parameterized0' (1#1) [c:/Users/Ian/Documents/GitHub/project_tubii_7020/triggerOut_1.0/hdl/triggerOut_v1_0_S00_AXI.vhd:105]
INFO: [Synth 8-256] done synthesizing module 'triggerOut_v1_0' (2#1) [c:/Users/Ian/Documents/GitHub/project_tubii_7020/triggerOut_1.0/hdl/triggerOut_v1_0.vhd:68]
---------------------------------------------------------------------------------
Finished Synthesize : Time (s): cpu = 00:00:06 ; elapsed = 00:00:12 . Memory (MB): peak = 268.664 ; gain = 119.133
---------------------------------------------------------------------------------

---------------------------------------------------------------------------------
Start RTL Optimization
---------------------------------------------------------------------------------
---------------------------------------------------------------------------------
Finished RTL Optimization : Time (s): cpu = 00:00:06 ; elapsed = 00:00:13 . Memory (MB): peak = 268.664 ; gain = 119.133
---------------------------------------------------------------------------------

INFO: [Synth 8-4471] merging register 'SYNCo_reg' into 'treset_reg' [c:/Users/Ian/Documents/GitHub/project_tubii_7020/triggerOut_1.0/hdl/triggerOut_v1_0_S00_AXI.vhd:266]
INFO: [Synth 8-4471] merging register 'SYNC24o_reg' into 'treset24_reg' [c:/Users/Ian/Documents/GitHub/project_tubii_7020/triggerOut_1.0/hdl/triggerOut_v1_0_S00_AXI.vhd:271]

Report RTL Partitions: 
+-+--------------+------------+----------+
| |RTL Partition |Replication |Instances |
+-+--------------+------------+----------+
+-+--------------+------------+----------+

---------------------------------------------------------------------------------
Start Loading Part and Timing Information
---------------------------------------------------------------------------------
Loading part: xc7z020clg400-1
Loading clock regions from C:/Xilinx/Vivado/2013.4/data\parts/xilinx/zynq/zynq/xc7z020/ClockRegion.xml
Loading clock buffers from C:/Xilinx/Vivado/2013.4/data\parts/xilinx/zynq/zynq/xc7z020/ClockBuffers.xml
Loading clock placement rules from C:/Xilinx/Vivado/2013.4/data/parts/xilinx/zynq/ClockPlacerRules.xml
Loading package pin functions from C:/Xilinx/Vivado/2013.4/data\parts/xilinx/zynq/PinFunctions.xml...
Loading package from C:/Xilinx/Vivado/2013.4/data\parts/xilinx/zynq/zynq/xc7z020/clg400/Package.xml
Loading io standards from C:/Xilinx/Vivado/2013.4/data\./parts/xilinx/zynq/IOStandards.xml
Part Resources:
DSPs: 220 (col length:60)
BRAMs: 280 (col length: RAMB18 60 RAMB36 30)
---------------------------------------------------------------------------------
Finished Loading Part and Timing Information : Time (s): cpu = 00:00:26 ; elapsed = 00:00:36 . Memory (MB): peak = 550.840 ; gain = 401.309
---------------------------------------------------------------------------------

No constraint files found.

---------------------------------------------------------------------------------
Start RTL Component Statistics 
---------------------------------------------------------------------------------
Detailed RTL Component Info : 
+---Registers : 
	               48 Bit    Registers := 1     
	               32 Bit    Registers := 6     
	               24 Bit    Registers := 1     
	                4 Bit    Registers := 2     
	                2 Bit    Registers := 2     
	                1 Bit    Registers := 13    
+---Muxes : 
	   4 Input     32 Bit        Muxes := 1     
	   2 Input     32 Bit        Muxes := 7     
	   2 Input      8 Bit        Muxes := 3     
	   2 Input      1 Bit        Muxes := 14    

---------------------------------------------------------------------------------
Finished RTL Component Statistics 
---------------------------------------------------------------------------------

---------------------------------------------------------------------------------
Start RTL Hierarchical Component Statistics 
---------------------------------------------------------------------------------
Hierarchical RTL Component report 
Module triggerOut_v1_0 
Detailed RTL Component Info : 
Module triggerOut_v1_0_S00_AXI__parameterized0 
Detailed RTL Component Info : 
+---Registers : 
	               48 Bit    Registers := 1     
	               32 Bit    Registers := 6     
	               24 Bit    Registers := 1     
	                4 Bit    Registers := 2     
	                2 Bit    Registers := 2     
	                1 Bit    Registers := 13    
+---Muxes : 
	   4 Input     32 Bit        Muxes := 1     
	   2 Input     32 Bit        Muxes := 7     
	   2 Input      8 Bit        Muxes := 3     
	   2 Input      1 Bit        Muxes := 14    

---------------------------------------------------------------------------------
Finished RTL Hierarchical Component Statistics
---------------------------------------------------------------------------------

---------------------------------------------------------------------------------
Start Cross Boundary Optimization
---------------------------------------------------------------------------------
WARNING: [Synth 8-3332] Sequential element (\triggerOut_v1_0_S00_AXI_inst/axi_awaddr_reg[1] ) is unused and will be removed from module triggerOut_v1_0.
WARNING: [Synth 8-3332] Sequential element (\triggerOut_v1_0_S00_AXI_inst/axi_awaddr_reg[0] ) is unused and will be removed from module triggerOut_v1_0.
WARNING: [Synth 8-3332] Sequential element (\triggerOut_v1_0_S00_AXI_inst/axi_araddr_reg[1] ) is unused and will be removed from module triggerOut_v1_0.
WARNING: [Synth 8-3332] Sequential element (\triggerOut_v1_0_S00_AXI_inst/axi_araddr_reg[0] ) is unused and will be removed from module triggerOut_v1_0.
WARNING: [Synth 8-3332] Sequential element (\triggerOut_v1_0_S00_AXI_inst/axi_awaddr_reg[1] ) is unused and will be removed from module triggerOut_v1_0.
WARNING: [Synth 8-3332] Sequential element (\triggerOut_v1_0_S00_AXI_inst/axi_awaddr_reg[0] ) is unused and will be removed from module triggerOut_v1_0.
WARNING: [Synth 8-3332] Sequential element (\triggerOut_v1_0_S00_AXI_inst/axi_araddr_reg[1] ) is unused and will be removed from module triggerOut_v1_0.
WARNING: [Synth 8-3332] Sequential element (\triggerOut_v1_0_S00_AXI_inst/axi_araddr_reg[0] ) is unused and will be removed from module triggerOut_v1_0.
WARNING: [Synth 8-3331] design triggerOut_v1_0 has unconnected port s00_axi_awaddr[1]
WARNING: [Synth 8-3331] design triggerOut_v1_0 has unconnected port s00_axi_awaddr[0]
WARNING: [Synth 8-3331] design triggerOut_v1_0 has unconnected port s00_axi_awprot[2]
WARNING: [Synth 8-3331] design triggerOut_v1_0 has unconnected port s00_axi_awprot[1]
WARNING: [Synth 8-3331] design triggerOut_v1_0 has unconnected port s00_axi_awprot[0]
WARNING: [Synth 8-3331] design triggerOut_v1_0 has unconnected port s00_axi_araddr[1]
WARNING: [Synth 8-3331] design triggerOut_v1_0 has unconnected port s00_axi_araddr[0]
WARNING: [Synth 8-3331] design triggerOut_v1_0 has unconnected port s00_axi_arprot[2]
WARNING: [Synth 8-3331] design triggerOut_v1_0 has unconnected port s00_axi_arprot[1]
WARNING: [Synth 8-3331] design triggerOut_v1_0 has unconnected port s00_axi_arprot[0]
---------------------------------------------------------------------------------
Finished Cross Boundary Optimization : Time (s): cpu = 00:00:26 ; elapsed = 00:00:37 . Memory (MB): peak = 560.531 ; gain = 411.000
---------------------------------------------------------------------------------

---------------------------------------------------------------------------------
Start RAM, DSP and Shift Register Reporting
---------------------------------------------------------------------------------
---------------------------------------------------------------------------------
Finished RAM, DSP and Shift Register Reporting
---------------------------------------------------------------------------------

---------------------------------------------------------------------------------
Start Area Optimization
---------------------------------------------------------------------------------
WARNING: [Synth 8-3332] Sequential element (\triggerOut_v1_0_S00_AXI_inst/axi_bresp_reg[1] ) is unused and will be removed from module triggerOut_v1_0.
WARNING: [Synth 8-3332] Sequential element (\triggerOut_v1_0_S00_AXI_inst/axi_bresp_reg[0] ) is unused and will be removed from module triggerOut_v1_0.
WARNING: [Synth 8-3332] Sequential element (\triggerOut_v1_0_S00_AXI_inst/axi_rresp_reg[1] ) is unused and will be removed from module triggerOut_v1_0.
WARNING: [Synth 8-3332] Sequential element (\triggerOut_v1_0_S00_AXI_inst/axi_rresp_reg[0] ) is unused and will be removed from module triggerOut_v1_0.
No constraint files found.
---------------------------------------------------------------------------------
Finished Area Optimization : Time (s): cpu = 00:00:26 ; elapsed = 00:00:40 . Memory (MB): peak = 595.828 ; gain = 446.297
---------------------------------------------------------------------------------


---------------------------------------------------------------------------------
Start Timing Optimization
---------------------------------------------------------------------------------
No constraint files found.
---------------------------------------------------------------------------------
Finished Timing Optimization : Time (s): cpu = 00:00:26 ; elapsed = 00:00:40 . Memory (MB): peak = 595.828 ; gain = 446.297
---------------------------------------------------------------------------------


---------------------------------------------------------------------------------
Start Technology Mapping
---------------------------------------------------------------------------------
---------------------------------------------------------------------------------
Finished Technology Mapping : Time (s): cpu = 00:00:27 ; elapsed = 00:00:40 . Memory (MB): peak = 595.828 ; gain = 446.297
---------------------------------------------------------------------------------


---------------------------------------------------------------------------------
Start IO Insertion
---------------------------------------------------------------------------------

---------------------------------------------------------------------------------
Start Flattening Before IO Insertion
---------------------------------------------------------------------------------

---------------------------------------------------------------------------------
Finished Flattening Before IO Insertion
---------------------------------------------------------------------------------

---------------------------------------------------------------------------------
Start Final Netlist Cleanup
---------------------------------------------------------------------------------

---------------------------------------------------------------------------------
Finished Final Netlist Cleanup
---------------------------------------------------------------------------------
Gated Clock Conversion mode: off
---------------------------------------------------------------------------------
Finished IO Insertion : Time (s): cpu = 00:00:27 ; elapsed = 00:00:41 . Memory (MB): peak = 595.828 ; gain = 446.297
---------------------------------------------------------------------------------


Report Check Netlist: 
+------+------------------+-------+---------+-------+------------------+
|      |Item              |Errors |Warnings |Status |Description       |
+------+------------------+-------+---------+-------+------------------+
|1     |multi_driven_nets |      0|        0|Passed |Multi driven nets |
+------+------------------+-------+---------+-------+------------------+

---------------------------------------------------------------------------------
Start Renaming Generated Instances
---------------------------------------------------------------------------------
---------------------------------------------------------------------------------
Finished Renaming Generated Instances : Time (s): cpu = 00:00:27 ; elapsed = 00:00:41 . Memory (MB): peak = 595.828 ; gain = 446.297
---------------------------------------------------------------------------------


---------------------------------------------------------------------------------
Start Rebuilding User Hierarchy
---------------------------------------------------------------------------------
---------------------------------------------------------------------------------
Finished Rebuilding User Hierarchy : Time (s): cpu = 00:00:27 ; elapsed = 00:00:41 . Memory (MB): peak = 595.828 ; gain = 446.297
---------------------------------------------------------------------------------

---------------------------------------------------------------------------------
Start RAM, DSP and Shift Register Reporting
---------------------------------------------------------------------------------
---------------------------------------------------------------------------------
Finished RAM, DSP and Shift Register Reporting
---------------------------------------------------------------------------------

---------------------------------------------------------------------------------
Start Writing Synthesis Report
---------------------------------------------------------------------------------

Report BlackBoxes: 
+-+--------------+----------+
| |BlackBox name |Instances |
+-+--------------+----------+
+-+--------------+----------+

Report Cell Usage: 
+------+-----+------+
|      |Cell |Count |
+------+-----+------+
|1     |BUFG |     1|
|2     |LUT1 |     1|
|3     |LUT2 |     2|
|4     |LUT3 |     2|
|5     |LUT4 |   153|
|6     |LUT5 |    12|
|7     |LUT6 |    92|
|8     |FDRE |   271|
|9     |FDSE |     2|
|10    |IBUF |   122|
|11    |OBUF |   120|
+------+-----+------+

Report Instance Areas: 
+------+-------------------------------+----------------------------------------+------+
|      |Instance                       |Module                                  |Cells |
+------+-------------------------------+----------------------------------------+------+
|1     |top                            |                                        |   778|
|2     |  triggerOut_v1_0_S00_AXI_inst |triggerOut_v1_0_S00_AXI__parameterized0 |   535|
+------+-------------------------------+----------------------------------------+------+
---------------------------------------------------------------------------------
Finished Writing Synthesis Report : Time (s): cpu = 00:00:27 ; elapsed = 00:00:41 . Memory (MB): peak = 595.828 ; gain = 446.297
---------------------------------------------------------------------------------

Synthesis finished with 0 errors, 0 critical warnings and 22 warnings.
Synthesis Optimization Complete : Time (s): cpu = 00:00:27 ; elapsed = 00:00:41 . Memory (MB): peak = 595.828 ; gain = 446.297
INFO: [Netlist 29-17] Analyzing 122 Unisim elements for replacement
INFO: [Netlist 29-28] Unisim Transformation completed in 0 CPU seconds
INFO: [Opt 31-140] Inserted 0 IBUFs to IO ports without IO buffers.
INFO: [Opt 31-141] Inserted 0 OBUFs to IO ports without IO buffers.
INFO: [Opt 31-138] Pushed 0 inverter(s).
INFO: [Memdata 28-144] Successfully populated the BRAM INIT strings from the following elf files: 
INFO: [Project 1-111] Unisim Transformation Summary:
No Unisim elements were transformed.

INFO: [Common 17-83] Releasing license: Synthesis
18 Infos, 22 Warnings, 0 Critical Warnings and 0 Errors encountered.
synth_design completed successfully
synth_design: Time (s): cpu = 00:00:42 ; elapsed = 00:01:12 . Memory (MB): peak = 973.875 ; gain = 785.773
# write_checkpoint triggerOut_v1_0.dcp
INFO: [Timing 38-35] Done setting XDC timing constraints.
# report_utilization -file triggerOut_v1_0_utilization_synth.rpt -pb triggerOut_v1_0_utilization_synth.pb
report_utilization: Time (s): cpu = 00:00:00 ; elapsed = 00:00:00.475 . Memory (MB): peak = 973.875 ; gain = 0.000
INFO: [Common 17-206] Exiting Vivado at Mon Apr 04 15:48:48 2016...
